<?xml version="1.0" encoding="UTF-8"?>
<!-- Generated by org.testng.reporters.JUnitXMLReporter -->
<testsuite hostname="QTSITVDI0028" ignored="0" name="10537_10538_10539" tests="3" failures="0" timestamp="15 Feb 2019 14:01:51 GMT" time="26.101" errors="0">
  <testcase name="@AfterMethod Logout" time="0.462" classname="com.carmensol.BaseTest">
    <failure type="java.lang.Error" message="The following element is not clickable: [[[ChromeDriver: chrome on XP (733848208ea699608d818c9bb11bdfcf)] -&amp;gt; xpath: //*[@id=&amp;quot;portal&amp;quot;]/table/tbody/tr[1]/td/div[3]/a/b]]">
      <![CDATA[java.lang.Error: The following element is not clickable: [[[ChromeDriver: chrome on XP (733848208ea699608d818c9bb11bdfcf)] -> xpath: //*[@id="portal"]/table/tbody/tr[1]/td/div[3]/a/b]]
at com.carmensol.utilities.utility1.click(utility1.java:462)
at com.carmensol.pages.pageobject.logout(pageobject.java:73)
at com.carmensol.BaseTest.Logout(BaseTest.java:128)
... Removed 28 stack frames]]>
    </failure>
  </testcase> <!-- @AfterMethod Logout -->
  <testcase name="MCIAdminScreen10537" time="1.739" classname="com.carmen.voids.MCIAdminScreen_10537_10538_10539"/>
  <testcase name="MCIAdminScreen10538" time="4.45" classname="com.carmen.voids.MCIAdminScreen_10537_10538_10539"/>
  <testcase name="MCIAdminScreen10539" time="2.532" classname="com.carmen.voids.MCIAdminScreen_10537_10538_10539"/>
</testsuite> <!-- 10537_10538_10539 -->
