<?xml version="1.0" encoding="UTF-8"?>
<!-- Generated by org.testng.reporters.JUnitXMLReporter -->
<testsuite hostname="QTSITVDI0028" ignored="0" name="1064" tests="3" failures="0" timestamp="23 May 2019 09:30:58 GMT" time="65.359" errors="0">
  <testcase name="Sprint2SavePolicy_4774" time="11.461" classname="com.carmen.Sprint2.Sprint2SavePolicy_1064"/>
  <testcase name="Sprint2SavePolicy_4776" time="20.645" classname="com.carmen.Sprint2.Sprint2SavePolicy_1064"/>
  <testcase name="Sprint2SavePolicy_4781" time="13.996" classname="com.carmen.Sprint2.Sprint2SavePolicy_1064"/>
</testsuite> <!-- 1064 -->
