<?xml version="1.0" encoding="UTF-8"?>
<!-- Generated by org.testng.reporters.JUnitXMLReporter -->
<testsuite hostname="QTSITVDI0028" ignored="0" name="1065" tests="2" failures="0" timestamp="23 May 2019 09:31:41 GMT" time="43.69" errors="0">
  <testcase name="Sprint2ClosePolicy_4787" time="16.294" classname="com.carmen.Sprint2.Sprint2ClosePolicy_1065"/>
  <testcase name="Sprint2ClosePolicy_4789" time="14.516" classname="com.carmen.Sprint2.Sprint2ClosePolicy_1065"/>
</testsuite> <!-- 1065 -->
