<?xml version="1.0" encoding="UTF-8"?>
<!-- Generated by org.testng.reporters.JUnitXMLReporter -->
<testsuite hostname="QTSITVDI0028" ignored="0" name="1103" tests="2" failures="0" timestamp="23 May 2019 09:43:13 GMT" time="54.759" errors="0">
  <testcase name="AddNewTaxesFeesScreenTabOrder_4761" time="20.223" classname="com.carmen.Sprint2.AddNewTaxesFeesScreenTabOrder_1103"/>
  <testcase name="AddNewTaxesFeesScreenTabOrder_4764" time="21.647" classname="com.carmen.Sprint2.AddNewTaxesFeesScreenTabOrder_1103"/>
</testsuite> <!-- 1103 -->
