<?xml version="1.0" encoding="UTF-8"?>
<!-- Generated by org.testng.reporters.JUnitXMLReporter -->
<testsuite hostname="QTSITVDI0028" ignored="0" name="12" tests="4" failures="0" timestamp="23 May 2019 08:13:19 GMT" time="96.14" errors="0">
  <testcase name="PolicyIDTermExpirationDate_1894" time="13.532" classname="com.carmensol.PolicyIDTermExpirationDate_12"/>
  <testcase name="PolicyIDTermExpirationDate_1902" time="15.197" classname="com.carmensol.PolicyIDTermExpirationDate_12"/>
  <testcase name="PolicyIDTermExpirationDate_1891" time="5.021" classname="com.carmensol.PolicyIDTermExpirationDate_12"/>
  <testcase name="PolicyIDTermExpirationDate_1896" time="37.057" classname="com.carmensol.PolicyIDTermExpirationDate_12"/>
</testsuite> <!-- 12 -->
