<?xml version="1.0" encoding="UTF-8"?>
<!-- Generated by org.testng.reporters.JUnitXMLReporter -->
<testsuite hostname="QTSITVDI0028" ignored="0" name="131" tests="3" failures="0" timestamp="23 May 2019 13:24:24 GMT" time="28.556" errors="0">
  <testcase name="PrimaryInsuredDetailDatabaseRecords_865_870_875" time="2.488" classname="com.carmensol.PrimaryInsuredDetailDatabaseRecords_131"/>
  <testcase name="PrimaryInsuredDetailDatabaseRecords_869" time="5.145" classname="com.carmensol.PrimaryInsuredDetailDatabaseRecords_131"/>
  <testcase name="PrimaryInsuredDetailDatabaseRecords_867" time="2.404" classname="com.carmensol.PrimaryInsuredDetailDatabaseRecords_131"/>
</testsuite> <!-- 131 -->
