<?xml version="1.0" encoding="UTF-8"?>
<!-- Generated by org.testng.reporters.JUnitXMLReporter -->
<testsuite hostname="QTSITVDI0028" ignored="0" name="133" tests="3" failures="0" timestamp="23 May 2019 08:07:34 GMT" time="124.334" errors="0">
  <testcase name="SavePolicy_2207" time="20.631" classname="com.carmensol.SavePolicy_133"/>
  <testcase name="SavePolicy_2211" time="52.883" classname="com.carmensol.SavePolicy_133"/>
  <testcase name="SavePolicy_2216" time="31.703" classname="com.carmensol.SavePolicy_133"/>
</testsuite> <!-- 133 -->
