<?xml version="1.0" encoding="UTF-8"?>
<!-- Generated by org.testng.reporters.JUnitXMLReporter -->
<testsuite hostname="QTSITVDI0028" ignored="0" name="135" tests="4" failures="4" timestamp="29 May 2019 07:36:37 GMT" time="105.876" errors="0">
  <testcase name="NewPolicyDatabaseRecord_935" time="20.152" classname="com.carmensol.NewPolicyDatabaseRecord_135">
    <failure type="java.lang.Error" message="The following element is not clickable: [Proxy element for: DefaultElementLocator &amp;apos;By.cssSelector: button.custom-btn[type=&amp;apos;button&amp;apos;]&amp;apos;]">
      <![CDATA[java.lang.Error: The following element is not clickable: [Proxy element for: DefaultElementLocator 'By.cssSelector: button.custom-btn[type='button']']
at com.carmensol.utilities.utility1.click(utility1.java:541)
at com.carmensol.pages.LeftHandMenu.ClickCreate(LeftHandMenu.java:77)
at com.carmensol.NewPolicyDatabaseRecord_135.NewPolicyDatabaseRecord_935(NewPolicyDatabaseRecord_135.java:61)
... Removed 25 stack frames]]>
    </failure>
  </testcase> <!-- NewPolicyDatabaseRecord_935 -->
  <testcase name="NewPolicyDatabaseRecord_934" time="20.162" classname="com.carmensol.NewPolicyDatabaseRecord_135">
    <failure type="java.lang.Error" message="The following element is not clickable: [Proxy element for: DefaultElementLocator &amp;apos;By.cssSelector: button.custom-btn[type=&amp;apos;button&amp;apos;]&amp;apos;]">
      <![CDATA[java.lang.Error: The following element is not clickable: [Proxy element for: DefaultElementLocator 'By.cssSelector: button.custom-btn[type='button']']
at com.carmensol.utilities.utility1.click(utility1.java:541)
at com.carmensol.pages.LeftHandMenu.ClickCreate(LeftHandMenu.java:77)
at com.carmensol.NewPolicyDatabaseRecord_135.NewPolicyDatabaseRecord_934(NewPolicyDatabaseRecord_135.java:207)
... Removed 25 stack frames]]>
    </failure>
  </testcase> <!-- NewPolicyDatabaseRecord_934 -->
  <testcase name="NewPolicyDatabaseRecord_931" time="20.15" classname="com.carmensol.NewPolicyDatabaseRecord_135">
    <failure type="java.lang.Error" message="The following element is not clickable: [Proxy element for: DefaultElementLocator &amp;apos;By.cssSelector: button.custom-btn[type=&amp;apos;button&amp;apos;]&amp;apos;]">
      <![CDATA[java.lang.Error: The following element is not clickable: [Proxy element for: DefaultElementLocator 'By.cssSelector: button.custom-btn[type='button']']
at com.carmensol.utilities.utility1.click(utility1.java:541)
at com.carmensol.pages.LeftHandMenu.ClickCreate(LeftHandMenu.java:77)
at com.carmensol.NewPolicyDatabaseRecord_135.NewPolicyDatabaseRecord_931(NewPolicyDatabaseRecord_135.java:347)
... Removed 25 stack frames]]>
    </failure>
  </testcase> <!-- NewPolicyDatabaseRecord_931 -->
  <testcase name="NewPolicyDatabaseRecord_933" time="20.138" classname="com.carmensol.NewPolicyDatabaseRecord_135">
    <failure type="java.lang.Error" message="The following element is not clickable: [Proxy element for: DefaultElementLocator &amp;apos;By.cssSelector: button.custom-btn[type=&amp;apos;button&amp;apos;]&amp;apos;]">
      <![CDATA[java.lang.Error: The following element is not clickable: [Proxy element for: DefaultElementLocator 'By.cssSelector: button.custom-btn[type='button']']
at com.carmensol.utilities.utility1.click(utility1.java:541)
at com.carmensol.pages.LeftHandMenu.ClickCreate(LeftHandMenu.java:77)
at com.carmensol.NewPolicyDatabaseRecord_135.NewPolicyDatabaseRecord_933(NewPolicyDatabaseRecord_135.java:483)
... Removed 25 stack frames]]>
    </failure>
  </testcase> <!-- NewPolicyDatabaseRecord_933 -->
</testsuite> <!-- 135 -->
