<?xml version="1.0" encoding="UTF-8"?>
<!-- Generated by org.testng.reporters.JUnitXMLReporter -->
<testsuite hostname="QTSITVDI0028" ignored="0" name="148" tests="2" failures="2" timestamp="29 May 2019 07:30:19 GMT" time="99.508" errors="0">
  <testcase name="SaveAndNavigationalFunctions2232" time="43.31" classname="com.carmensol.SaveAndNavigationalFunctions_148">
    <failure type="java.lang.Error" message="The following element is not clickable: [Proxy element for: DefaultElementLocator &amp;apos;By.cssSelector: a#UnitsMenu&amp;apos;]">
      <![CDATA[java.lang.Error: The following element is not clickable: [Proxy element for: DefaultElementLocator 'By.cssSelector: a#UnitsMenu']
at com.carmensol.utilities.utility1.click(utility1.java:541)
at com.carmensol.pages.PolicyUnits.ClickUnits(PolicyUnits.java:127)
at com.carmensol.SaveAndNavigationalFunctions_148.SaveAndNavigationalFunctions2232(SaveAndNavigationalFunctions_148.java:31)
... Removed 25 stack frames]]>
    </failure>
  </testcase> <!-- SaveAndNavigationalFunctions2232 -->
  <testcase name="SaveAndNavigationalFunctions2233" time="43.327" classname="com.carmensol.SaveAndNavigationalFunctions_148">
    <failure type="java.lang.Error" message="The following element is not clickable: [Proxy element for: DefaultElementLocator &amp;apos;By.cssSelector: a#UnitsMenu&amp;apos;]">
      <![CDATA[java.lang.Error: The following element is not clickable: [Proxy element for: DefaultElementLocator 'By.cssSelector: a#UnitsMenu']
at com.carmensol.utilities.utility1.click(utility1.java:541)
at com.carmensol.pages.PolicyUnits.ClickUnits(PolicyUnits.java:127)
at com.carmensol.SaveAndNavigationalFunctions_148.SaveAndNavigationalFunctions2233(SaveAndNavigationalFunctions_148.java:78)
... Removed 25 stack frames]]>
    </failure>
  </testcase> <!-- SaveAndNavigationalFunctions2233 -->
</testsuite> <!-- 148 -->
