<?xml version="1.0" encoding="UTF-8"?>
<!-- Generated by org.testng.reporters.JUnitXMLReporter -->
<testsuite hostname="QTSITVDI0028" ignored="0" name="157" tests="6" failures="0" timestamp="23 May 2019 08:05:29 GMT" time="168.555" errors="0">
  <testcase name="PolicyRenewalExpiringPolicyEdSelection_973" time="52.972" classname="com.carmensol.PolicyRenewalExpiringPolicyEdSelection_157"/>
  <testcase name="PolicyRenewalExpiringPolicyEdSelection_978" time="2.24" classname="com.carmensol.PolicyRenewalExpiringPolicyEdSelection_157"/>
  <testcase name="PolicyRenewalExpiringPolicyEdSelection_979" time="2.784" classname="com.carmensol.PolicyRenewalExpiringPolicyEdSelection_157"/>
  <testcase name="PolicyRenewalExpiringPolicyEdSelection_1045" time="35.605" classname="com.carmensol.PolicyRenewalExpiringPolicyEdSelection_157"/>
  <testcase name="PolicyRenewalExpiringPolicyEdSelection_1051" time="35.074" classname="com.carmensol.PolicyRenewalExpiringPolicyEdSelection_157"/>
  <testcase name="PolicyRenewalExpiringPolicyEdSelection_972" time="1.012" classname="com.carmensol.PolicyRenewalExpiringPolicyEdSelection_157"/>
</testsuite> <!-- 157 -->
