<?xml version="1.0" encoding="UTF-8"?>
<!-- Generated by org.testng.reporters.JUnitXMLReporter -->
<testsuite hostname="QTSITVDI0028" ignored="0" name="168" tests="3" failures="0" timestamp="29 May 2019 07:30:52 GMT" time="23.956" errors="0">
  <testcase name="PolicyGlanceTransactionType2262_2259" time="1.598" classname="com.carmensol.PolicyGlanceTransactionType_168"/>
  <testcase name="PolicyGlanceTransactionType2264" time="1.662" classname="com.carmensol.PolicyGlanceTransactionType_168"/>
  <testcase name="PolicyGlanceTransactionType2266" time="1.634" classname="com.carmensol.PolicyGlanceTransactionType_168"/>
</testsuite> <!-- 168 -->
