<?xml version="1.0" encoding="UTF-8"?>
<!-- Generated by org.testng.reporters.JUnitXMLReporter -->
<testsuite hostname="QTSITVDI0028" ignored="0" name="182" tests="2" failures="1" timestamp="23 May 2019 13:31:13 GMT" time="76.402" errors="0">
  <testcase name="AddLineBusiness_3706" time="21.27" classname="com.carmen.Sprint2.AddLineBusiness_182">
    <failure type="java.lang.Error" message="The following element is not clickable: [Proxy element for: DefaultElementLocator &amp;apos;By.cssSelector: button.custom-btn[type=&amp;apos;button&amp;apos;]&amp;apos;]">
      <![CDATA[java.lang.Error: The following element is not clickable: [Proxy element for: DefaultElementLocator 'By.cssSelector: button.custom-btn[type='button']']
at com.carmensol.utilities.utility1.click(utility1.java:541)
at com.carmensol.pages.LeftHandMenu.ClickCreate(LeftHandMenu.java:77)
at com.carmen.Sprint2.AddLineBusiness_182.AddLineBusiness_3706(AddLineBusiness_182.java:63)
... Removed 25 stack frames]]>
    </failure>
  </testcase> <!-- AddLineBusiness_3706 -->
  <testcase name="AddLineBusiness_3707" time="43.089" classname="com.carmen.Sprint2.AddLineBusiness_182"/>
</testsuite> <!-- 182 -->
