<?xml version="1.0" encoding="UTF-8"?>
<!-- Generated by org.testng.reporters.JUnitXMLReporter -->
<testsuite hostname="QTSITVDI0028" ignored="0" name="183" tests="3" failures="2" timestamp="23 May 2019 13:32:15 GMT" time="62.316" errors="0">
  <testcase name="AddCoverageUnit_3710" time="21.288" classname="com.carmen.Sprint2.AddCoverageUnit_183">
    <failure type="java.lang.Error" message="The following element is not clickable: [Proxy element for: DefaultElementLocator &amp;apos;By.cssSelector: button.custom-btn[type=&amp;apos;button&amp;apos;]&amp;apos;]">
      <![CDATA[java.lang.Error: The following element is not clickable: [Proxy element for: DefaultElementLocator 'By.cssSelector: button.custom-btn[type='button']']
at com.carmensol.utilities.utility1.click(utility1.java:541)
at com.carmensol.pages.LeftHandMenu.ClickCreate(LeftHandMenu.java:77)
at com.carmen.Sprint2.AddCoverageUnit_183.AddCoverageUnit_3710(AddCoverageUnit_183.java:65)
... Removed 25 stack frames]]>
    </failure>
  </testcase> <!-- AddCoverageUnit_3710 -->
  <testcase name="AddCoverageUnit_3712" time="20.807" classname="com.carmen.Sprint2.AddCoverageUnit_183">
    <failure type="java.lang.Error" message="The following element is not clickable: [Proxy element for: DefaultElementLocator &amp;apos;By.cssSelector: input[name = &amp;apos;btnOpen&amp;apos;]&amp;apos;]">
      <![CDATA[java.lang.Error: The following element is not clickable: [Proxy element for: DefaultElementLocator 'By.cssSelector: input[name = 'btnOpen']']
at com.carmensol.utilities.utility1.click(utility1.java:541)
at com.carmensol.pages.LeftHandMenu.ClickOpen(LeftHandMenu.java:66)
at com.carmen.Sprint2.AddCoverageUnit_183.AddCoverageUnit_3712(AddCoverageUnit_183.java:152)
... Removed 25 stack frames]]>
    </failure>
  </testcase> <!-- AddCoverageUnit_3712 -->
  <testcase name="AddCoverageUnit_3713" time="2.37" classname="com.carmen.Sprint2.AddCoverageUnit_183"/>
</testsuite> <!-- 183 -->
