<?xml version="1.0" encoding="UTF-8"?>
<!-- Generated by org.testng.reporters.JUnitXMLReporter -->
<testsuite hostname="QTSITVDI0028" ignored="0" name="189" tests="4" failures="4" timestamp="23 May 2019 13:28:32 GMT" time="114.576" errors="0">
  <testcase name="OverrideCommissionCheckboxField_4388" time="21.854" classname="com.carmen.Sprint2.OverrideCommissionCheckboxField_189">
    <failure type="java.lang.Error" message="The following element is not clickable: [Proxy element for: DefaultElementLocator &amp;apos;By.cssSelector: button.custom-btn[type=&amp;apos;button&amp;apos;]&amp;apos;]">
      <![CDATA[java.lang.Error: The following element is not clickable: [Proxy element for: DefaultElementLocator 'By.cssSelector: button.custom-btn[type='button']']
at com.carmensol.utilities.utility1.click(utility1.java:541)
at com.carmensol.pages.LeftHandMenu.ClickCreate(LeftHandMenu.java:77)
at com.carmen.Sprint2.OverrideCommissionCheckboxField_189.OverrideCommissionCheckboxField_4388(OverrideCommissionCheckboxField_189.java:73)
... Removed 25 stack frames]]>
    </failure>
  </testcase> <!-- OverrideCommissionCheckboxField_4388 -->
  <testcase name="OverrideCommissionCheckboxField_4389" time="21.477" classname="com.carmen.Sprint2.OverrideCommissionCheckboxField_189">
    <failure type="java.lang.Error" message="The following element is not clickable: [Proxy element for: DefaultElementLocator &amp;apos;By.cssSelector: button.custom-btn[type=&amp;apos;button&amp;apos;]&amp;apos;]">
      <![CDATA[java.lang.Error: The following element is not clickable: [Proxy element for: DefaultElementLocator 'By.cssSelector: button.custom-btn[type='button']']
at com.carmensol.utilities.utility1.click(utility1.java:541)
at com.carmensol.pages.LeftHandMenu.ClickCreate(LeftHandMenu.java:77)
at com.carmen.Sprint2.OverrideCommissionCheckboxField_189.OverrideCommissionCheckboxField_4389(OverrideCommissionCheckboxField_189.java:228)
... Removed 25 stack frames]]>
    </failure>
  </testcase> <!-- OverrideCommissionCheckboxField_4389 -->
  <testcase name="OverrideCommissionCheckboxField_4397" time="21.362" classname="com.carmen.Sprint2.OverrideCommissionCheckboxField_189">
    <failure type="java.lang.Error" message="The following element is not clickable: [Proxy element for: DefaultElementLocator &amp;apos;By.cssSelector: button.custom-btn[type=&amp;apos;button&amp;apos;]&amp;apos;]">
      <![CDATA[java.lang.Error: The following element is not clickable: [Proxy element for: DefaultElementLocator 'By.cssSelector: button.custom-btn[type='button']']
at com.carmensol.utilities.utility1.click(utility1.java:541)
at com.carmensol.pages.LeftHandMenu.ClickCreate(LeftHandMenu.java:77)
at com.carmen.Sprint2.OverrideCommissionCheckboxField_189.OverrideCommissionCheckboxField_4397(OverrideCommissionCheckboxField_189.java:391)
... Removed 25 stack frames]]>
    </failure>
  </testcase> <!-- OverrideCommissionCheckboxField_4397 -->
  <testcase name="OverrideCommissionCheckboxField_4399" time="25.352" classname="com.carmen.Sprint2.OverrideCommissionCheckboxField_189">
    <failure type="java.lang.Error" message="The following element is not clickable: [Proxy element for: DefaultElementLocator &amp;apos;By.cssSelector: button.custom-btn[type=&amp;apos;button&amp;apos;]&amp;apos;]">
      <![CDATA[java.lang.Error: The following element is not clickable: [Proxy element for: DefaultElementLocator 'By.cssSelector: button.custom-btn[type='button']']
at com.carmensol.utilities.utility1.click(utility1.java:541)
at com.carmensol.pages.LeftHandMenu.ClickCreate(LeftHandMenu.java:77)
at com.carmen.Sprint2.OverrideCommissionCheckboxField_189.OverrideCommissionCheckboxField_4399(OverrideCommissionCheckboxField_189.java:625)
... Removed 25 stack frames]]>
    </failure>
  </testcase> <!-- OverrideCommissionCheckboxField_4399 -->
</testsuite> <!-- 189 -->
