<?xml version="1.0" encoding="UTF-8"?>
<!-- Generated by org.testng.reporters.JUnitXMLReporter -->
<testsuite hostname="QTSITVDI0028" ignored="0" name="196" tests="1" failures="1" timestamp="23 May 2019 13:36:01 GMT" time="27.061" errors="0">
  <testcase name="LOBSaveAddAnotherUnitButton_3723" time="21.068" classname="com.carmen.Sprint2.LOBSaveAddAnotherUnitButton_196">
    <failure type="java.lang.Error" message="The following element is not clickable: [Proxy element for: DefaultElementLocator &amp;apos;By.cssSelector: button.custom-btn[type=&amp;apos;button&amp;apos;]&amp;apos;]">
      <![CDATA[java.lang.Error: The following element is not clickable: [Proxy element for: DefaultElementLocator 'By.cssSelector: button.custom-btn[type='button']']
at com.carmensol.utilities.utility1.click(utility1.java:541)
at com.carmensol.pages.LeftHandMenu.ClickCreate(LeftHandMenu.java:77)
at com.carmen.Sprint2.LOBSaveAddAnotherUnitButton_196.LOBSaveAddAnotherUnitButton_3723(LOBSaveAddAnotherUnitButton_196.java:69)
... Removed 25 stack frames]]>
    </failure>
  </testcase> <!-- LOBSaveAddAnotherUnitButton_3723 -->
</testsuite> <!-- 196 -->
