<?xml version="1.0" encoding="UTF-8"?>
<!-- Generated by org.testng.reporters.JUnitXMLReporter -->
<testsuite hostname="QTSITVDI0028" ignored="0" name="197" tests="3" failures="3" timestamp="23 May 2019 13:37:23 GMT" time="82.079" errors="0">
  <testcase name="LOBUnitSaveButton_3725" time="21.174" classname="com.carmen.Sprint2.LOBUnitSaveButton_197">
    <failure type="java.lang.Error" message="The following element is not clickable: [Proxy element for: DefaultElementLocator &amp;apos;By.cssSelector: button.custom-btn[type=&amp;apos;button&amp;apos;]&amp;apos;]">
      <![CDATA[java.lang.Error: The following element is not clickable: [Proxy element for: DefaultElementLocator 'By.cssSelector: button.custom-btn[type='button']']
at com.carmensol.utilities.utility1.click(utility1.java:541)
at com.carmensol.pages.LeftHandMenu.ClickCreate(LeftHandMenu.java:77)
at com.carmen.Sprint2.LOBUnitSaveButton_197.LOBUnitSaveButton_3725(LOBUnitSaveButton_197.java:71)
... Removed 25 stack frames]]>
    </failure>
  </testcase> <!-- LOBUnitSaveButton_3725 -->
  <testcase name="LOBUnitSaveButton_3728" time="21.119" classname="com.carmen.Sprint2.LOBUnitSaveButton_197">
    <failure type="java.lang.Error" message="The following element is not clickable: [Proxy element for: DefaultElementLocator &amp;apos;By.cssSelector: button.custom-btn[type=&amp;apos;button&amp;apos;]&amp;apos;]">
      <![CDATA[java.lang.Error: The following element is not clickable: [Proxy element for: DefaultElementLocator 'By.cssSelector: button.custom-btn[type='button']']
at com.carmensol.utilities.utility1.click(utility1.java:541)
at com.carmensol.pages.LeftHandMenu.ClickCreate(LeftHandMenu.java:77)
at com.carmen.Sprint2.LOBUnitSaveButton_197.LOBUnitSaveButton_3728(LOBUnitSaveButton_197.java:204)
... Removed 25 stack frames]]>
    </failure>
  </testcase> <!-- LOBUnitSaveButton_3728 -->
  <testcase name="LOBUnitSaveButton_3730" time="21.154" classname="com.carmen.Sprint2.LOBUnitSaveButton_197">
    <failure type="java.lang.Error" message="The following element is not clickable: [Proxy element for: DefaultElementLocator &amp;apos;By.cssSelector: button.custom-btn[type=&amp;apos;button&amp;apos;]&amp;apos;]">
      <![CDATA[java.lang.Error: The following element is not clickable: [Proxy element for: DefaultElementLocator 'By.cssSelector: button.custom-btn[type='button']']
at com.carmensol.utilities.utility1.click(utility1.java:541)
at com.carmensol.pages.LeftHandMenu.ClickCreate(LeftHandMenu.java:77)
at com.carmen.Sprint2.LOBUnitSaveButton_197.LOBUnitSaveButton_3730(LOBUnitSaveButton_197.java:342)
... Removed 25 stack frames]]>
    </failure>
  </testcase> <!-- LOBUnitSaveButton_3730 -->
</testsuite> <!-- 197 -->
