<?xml version="1.0" encoding="UTF-8"?>
<!-- Generated by org.testng.reporters.JUnitXMLReporter -->
<testsuite hostname="QTSITVDI0028" ignored="0" name="198" tests="4" failures="4" timestamp="23 May 2019 13:39:12 GMT" time="108.778" errors="0">
  <testcase name="LOBCancel_3733" time="21.061" classname="com.carmen.Sprint2.LOBCancel_198">
    <failure type="java.lang.Error" message="The following element is not clickable: [Proxy element for: DefaultElementLocator &amp;apos;By.cssSelector: button.custom-btn[type=&amp;apos;button&amp;apos;]&amp;apos;]">
      <![CDATA[java.lang.Error: The following element is not clickable: [Proxy element for: DefaultElementLocator 'By.cssSelector: button.custom-btn[type='button']']
at com.carmensol.utilities.utility1.click(utility1.java:541)
at com.carmensol.pages.LeftHandMenu.ClickCreate(LeftHandMenu.java:77)
at com.carmen.Sprint2.LOBCancel_198.LOBCancel_3733(LOBCancel_198.java:72)
... Removed 25 stack frames]]>
    </failure>
  </testcase> <!-- LOBCancel_3733 -->
  <testcase name="LOBCancel_3734" time="21.044" classname="com.carmen.Sprint2.LOBCancel_198">
    <failure type="java.lang.Error" message="The following element is not clickable: [Proxy element for: DefaultElementLocator &amp;apos;By.cssSelector: button.custom-btn[type=&amp;apos;button&amp;apos;]&amp;apos;]">
      <![CDATA[java.lang.Error: The following element is not clickable: [Proxy element for: DefaultElementLocator 'By.cssSelector: button.custom-btn[type='button']']
at com.carmensol.utilities.utility1.click(utility1.java:541)
at com.carmensol.pages.LeftHandMenu.ClickCreate(LeftHandMenu.java:77)
at com.carmen.Sprint2.LOBCancel_198.LOBCancel_3734(LOBCancel_198.java:192)
... Removed 25 stack frames]]>
    </failure>
  </testcase> <!-- LOBCancel_3734 -->
  <testcase name="LOBCancel_3736" time="21.101" classname="com.carmen.Sprint2.LOBCancel_198">
    <failure type="java.lang.Error" message="The following element is not clickable: [Proxy element for: DefaultElementLocator &amp;apos;By.cssSelector: button.custom-btn[type=&amp;apos;button&amp;apos;]&amp;apos;]">
      <![CDATA[java.lang.Error: The following element is not clickable: [Proxy element for: DefaultElementLocator 'By.cssSelector: button.custom-btn[type='button']']
at com.carmensol.utilities.utility1.click(utility1.java:541)
at com.carmensol.pages.LeftHandMenu.ClickCreate(LeftHandMenu.java:77)
at com.carmen.Sprint2.LOBCancel_198.LOBCancel_3736(LOBCancel_198.java:315)
... Removed 25 stack frames]]>
    </failure>
  </testcase> <!-- LOBCancel_3736 -->
  <testcase name="LOBCancel_3739" time="21.099" classname="com.carmen.Sprint2.LOBCancel_198">
    <failure type="java.lang.Error" message="The following element is not clickable: [Proxy element for: DefaultElementLocator &amp;apos;By.cssSelector: button.custom-btn[type=&amp;apos;button&amp;apos;]&amp;apos;]">
      <![CDATA[java.lang.Error: The following element is not clickable: [Proxy element for: DefaultElementLocator 'By.cssSelector: button.custom-btn[type='button']']
at com.carmensol.utilities.utility1.click(utility1.java:541)
at com.carmensol.pages.LeftHandMenu.ClickCreate(LeftHandMenu.java:77)
at com.carmen.Sprint2.LOBCancel_198.LOBCancel_3739(LOBCancel_198.java:448)
... Removed 25 stack frames]]>
    </failure>
  </testcase> <!-- LOBCancel_3739 -->
</testsuite> <!-- 198 -->
