<?xml version="1.0" encoding="UTF-8"?>
<!-- Generated by org.testng.reporters.JUnitXMLReporter -->
<testsuite hostname="QTSITVDI0028" ignored="0" name="202" tests="2" failures="0" timestamp="23 May 2019 09:08:49 GMT" time="45.593" errors="0">
  <testcase name="SaveAddAnotherUnitButtonNewBusinessPolicy_3803" time="14.726" classname="com.carmen.Sprint2.AddCoverageUnitSave_202"/>
  <testcase name="SaveAddAnotherUnitButtonNewBusinessPolicy_3806" time="18.121" classname="com.carmen.Sprint2.AddCoverageUnitSave_202"/>
</testsuite> <!-- 202 -->
