<?xml version="1.0" encoding="UTF-8"?>
<!-- Generated by org.testng.reporters.JUnitXMLReporter -->
<testsuite hostname="QTSITVDI0028" ignored="0" name="203" tests="4" failures="1" timestamp="23 May 2019 09:10:56 GMT" time="127.248" errors="0">
  <testcase name="AddNewCoverageUnitCancelButton_3809" time="14.016" classname="com.carmen.Sprint2.AddNewCoverageUnitCancelButton_203"/>
  <testcase name="AddNewCoverageUnitCancelButton_3811" time="13.317" classname="com.carmen.Sprint2.AddNewCoverageUnitCancelButton_203"/>
  <testcase name="AddNewCoverageUnitCancelButton_3814" time="55.638" classname="com.carmen.Sprint2.AddNewCoverageUnitCancelButton_203">
    <failure type="java.lang.Error" message="The following element is not clickable: [Proxy element for: DefaultElementLocator &amp;apos;By.linkText: Add Coverage Unit&amp;apos;]">
      <![CDATA[java.lang.Error: The following element is not clickable: [Proxy element for: DefaultElementLocator 'By.linkText: Add Coverage Unit']
at com.carmensol.utilities.utility1.click(utility1.java:541)
at com.carmensol.pages.PolicyUnits.ClickAddCoverageUnit(PolicyUnits.java:119)
at com.carmen.Sprint2.AddNewCoverageUnitCancelButton_203.AddNewCoverageUnitCancelButton_3814(AddNewCoverageUnitCancelButton_203.java:419)
... Removed 25 stack frames]]>
    </failure>
  </testcase> <!-- AddNewCoverageUnitCancelButton_3814 -->
  <testcase name="AddNewCoverageUnitCancelButton_3813" time="18.584" classname="com.carmen.Sprint2.AddNewCoverageUnitCancelButton_203"/>
</testsuite> <!-- 203 -->
