<?xml version="1.0" encoding="UTF-8"?>
<!-- Generated by org.testng.reporters.JUnitXMLReporter -->
<testsuite hostname="QTSITVDI0028" ignored="0" name="206" tests="2" failures="0" timestamp="23 May 2019 09:11:47 GMT" time="50.831" errors="0">
  <testcase name="MultipleCoverageSameLocation_3827" time="19.663" classname="com.carmen.Sprint2.MultipleCoverageSameLocation_206"/>
  <testcase name="MultipleCoverageSameLocation_3824" time="18.34" classname="com.carmen.Sprint2.MultipleCoverageSameLocation_206"/>
</testsuite> <!-- 206 -->
