<?xml version="1.0" encoding="UTF-8"?>
<!-- Generated by org.testng.reporters.JUnitXMLReporter -->
<testsuite hostname="QTSITVDI0028" ignored="0" name="207" tests="2" failures="0" timestamp="23 May 2019 09:12:35 GMT" time="48.239" errors="0">
  <testcase name="BuildingNumberField_3832" time="20.112" classname="com.carmen.Sprint2.BuildingNumberField_207"/>
  <testcase name="BuildingNumberField_3829" time="15.239" classname="com.carmen.Sprint2.BuildingNumberField_207"/>
</testsuite> <!-- 207 -->
