<?xml version="1.0" encoding="UTF-8"?>
<!-- Generated by org.testng.reporters.JUnitXMLReporter -->
<testsuite hostname="QTSITVDI0028" ignored="0" name="2077" tests="2" failures="2" timestamp="23 May 2019 13:40:06 GMT" time="54.569" errors="0">
  <testcase name="CoverageRemovalChangingGroupline_5205" time="21.084" classname="com.carmen.Sprint2.CoverageRemovalChangingGroupline_2077">
    <failure type="java.lang.Error" message="The following element is not clickable: [Proxy element for: DefaultElementLocator &amp;apos;By.cssSelector: button.custom-btn[type=&amp;apos;button&amp;apos;]&amp;apos;]">
      <![CDATA[java.lang.Error: The following element is not clickable: [Proxy element for: DefaultElementLocator 'By.cssSelector: button.custom-btn[type='button']']
at com.carmensol.utilities.utility1.click(utility1.java:541)
at com.carmensol.pages.LeftHandMenu.ClickCreate(LeftHandMenu.java:77)
at com.carmen.Sprint2.CoverageRemovalChangingGroupline_2077.CoverageRemovalChangingGroupline_5205(CoverageRemovalChangingGroupline_2077.java:71)
... Removed 25 stack frames]]>
    </failure>
  </testcase> <!-- CoverageRemovalChangingGroupline_5205 -->
  <testcase name="CoverageRemovalChangingGroupline_5204" time="21.057" classname="com.carmen.Sprint2.CoverageRemovalChangingGroupline_2077">
    <failure type="java.lang.Error" message="The following element is not clickable: [Proxy element for: DefaultElementLocator &amp;apos;By.cssSelector: button.custom-btn[type=&amp;apos;button&amp;apos;]&amp;apos;]">
      <![CDATA[java.lang.Error: The following element is not clickable: [Proxy element for: DefaultElementLocator 'By.cssSelector: button.custom-btn[type='button']']
at com.carmensol.utilities.utility1.click(utility1.java:541)
at com.carmensol.pages.LeftHandMenu.ClickCreate(LeftHandMenu.java:77)
at com.carmen.Sprint2.CoverageRemovalChangingGroupline_2077.CoverageRemovalChangingGroupline_5204(CoverageRemovalChangingGroupline_2077.java:322)
... Removed 25 stack frames]]>
    </failure>
  </testcase> <!-- CoverageRemovalChangingGroupline_5204 -->
</testsuite> <!-- 2077 -->
