<?xml version="1.0" encoding="UTF-8"?>
<!-- Generated by org.testng.reporters.JUnitXMLReporter -->
<testsuite hostname="QTSITVDI0028" ignored="0" name="208" tests="4" failures="0" timestamp="23 May 2019 09:14:14 GMT" time="98.969" errors="0">
  <testcase name="StateField_4412" time="18.788" classname="com.carmen.Sprint2.StateField_208"/>
  <testcase name="StateField_4415" time="20.61" classname="com.carmen.Sprint2.StateField_208"/>
  <testcase name="StateField_4410" time="16.744" classname="com.carmen.Sprint2.StateField_208"/>
  <testcase name="StateField_4411" time="17.091" classname="com.carmen.Sprint2.StateField_208"/>
</testsuite> <!-- 208 -->
