<?xml version="1.0" encoding="UTF-8"?>
<!-- Generated by org.testng.reporters.JUnitXMLReporter -->
<testsuite hostname="QTSITVDI0028" ignored="0" name="2091" tests="2" failures="0" timestamp="23 May 2019 09:55:38 GMT" time="135.042" errors="0">
  <testcase name="PolicyFormsSearchScreenAddSelectedFormButton_4832" time="85.719" classname="com.carmen.Sprint4.PolicyFormsSearchScreenAddSelectedFormButton_2091"/>
  <testcase name="PolicyFormsSearchScreenAddSelectedFormButton_4831" time="36.331" classname="com.carmen.Sprint4.PolicyFormsSearchScreenAddSelectedFormButton_2091"/>
</testsuite> <!-- 2091 -->
