<?xml version="1.0" encoding="UTF-8"?>
<!-- Generated by org.testng.reporters.JUnitXMLReporter -->
<testsuite hostname="QTSITVDI0028" ignored="0" name="2102" tests="3" failures="1" timestamp="23 May 2019 09:58:46 GMT" time="121.332" errors="0">
  <testcase name="FormTableFormNumberVersion_4951" time="51.908" classname="com.carmen.Sprint4.FormTableFormNumberVersion_2102">
    <failure type="java.lang.Error" message="The following element is not clickable: [[[ChromeDriver: chrome on XP (20a316d50039271aae15cab38be8275d)] -&amp;gt; xpath: //*[@id=&amp;apos;alertPanel&amp;apos;]/div[3]/button]]">
      <![CDATA[java.lang.Error: The following element is not clickable: [[[ChromeDriver: chrome on XP (20a316d50039271aae15cab38be8275d)] -> xpath: //*[@id='alertPanel']/div[3]/button]]
at com.carmensol.utilities.utility1.click(utility1.java:541)
at com.carmen.Sprint4.FormTableFormNumberVersion_2102.FormTableFormNumberVersion_4951(FormTableFormNumberVersion_2102.java:128)
... Removed 25 stack frames]]>
    </failure>
  </testcase> <!-- FormTableFormNumberVersion_4951 -->
  <testcase name="FormTableFormNumberVersion_4947" time="23.027" classname="com.carmen.Sprint4.FormTableFormNumberVersion_2102"/>
  <testcase name="FormTableFormNumberVersion_4949" time="27.105" classname="com.carmen.Sprint4.FormTableFormNumberVersion_2102"/>
</testsuite> <!-- 2102 -->
