<?xml version="1.0" encoding="UTF-8"?>
<!-- Generated by org.testng.reporters.JUnitXMLReporter -->
<testsuite hostname="QTSITVDI0028" ignored="0" name="2103" tests="2" failures="0" timestamp="23 May 2019 10:00:01 GMT" time="74.705" errors="0">
  <testcase name="FormResultsTableState_4953" time="28.99" classname="com.carmen.Sprint4.FormResultsTableState_2103"/>
  <testcase name="FormResultsTableState_4954" time="32.692" classname="com.carmen.Sprint4.FormResultsTableState_2103"/>
</testsuite> <!-- 2103 -->
