<?xml version="1.0" encoding="UTF-8"?>
<!-- Generated by org.testng.reporters.JUnitXMLReporter -->
<testsuite hostname="QTSITVDI0028" ignored="0" name="2109" tests="2" failures="0" timestamp="23 May 2019 10:01:54 GMT" time="77.596" errors="0">
  <testcase name="CategoryNewBusinessPolicy_4962" time="30.616" classname="com.carmen.Sprint4.CategoryNewBusinessPolicy_2109"/>
  <testcase name="CategoryNewBusinessPolicy_4963" time="33.343" classname="com.carmen.Sprint4.CategoryNewBusinessPolicy_2109"/>
</testsuite> <!-- 2109 -->
