<?xml version="1.0" encoding="UTF-8"?>
<!-- Generated by org.testng.reporters.JUnitXMLReporter -->
<testsuite hostname="QTSITVDI0028" ignored="0" name="2110" tests="3" failures="0" timestamp="23 May 2019 10:03:49 GMT" time="114.669" errors="0">
  <testcase name="PolicyFormResultsTableASLSubline_5138" time="22.273" classname="com.carmen.Sprint4.PolicyFormResultsTableASLSubline_2110"/>
  <testcase name="PolicyFormResultsTableASLSubline_5139" time="26.017" classname="com.carmen.Sprint4.PolicyFormResultsTableASLSubline_2110"/>
  <testcase name="PolicyFormResultsTableASLSubline_5141" time="46.682" classname="com.carmen.Sprint4.PolicyFormResultsTableASLSubline_2110"/>
</testsuite> <!-- 2110 -->
