<?xml version="1.0" encoding="UTF-8"?>
<!-- Generated by org.testng.reporters.JUnitXMLReporter -->
<testsuite hostname="QTSITVDI0028" ignored="0" name="2121" tests="5" failures="0" timestamp="23 May 2019 10:06:01 GMT" time="131.771" errors="0">
  <testcase name="Save_5094" time="16.942" classname="com.carmen.Sprint4.Save_2121"/>
  <testcase name="Save_5093" time="13.18" classname="com.carmen.Sprint4.Save_2121"/>
  <testcase name="Save_5091" time="20.824" classname="com.carmen.Sprint4.Save_2121"/>
  <testcase name="Save_5097" time="22.111" classname="com.carmen.Sprint4.Save_2121"/>
  <testcase name="Save_5104" time="25.577" classname="com.carmen.Sprint4.Save_2121"/>
</testsuite> <!-- 2121 -->
