<?xml version="1.0" encoding="UTF-8"?>
<!-- Generated by org.testng.reporters.JUnitXMLReporter -->
<testsuite hostname="QTSITVDI0028" ignored="0" name="225" tests="3" failures="3" timestamp="23 May 2019 13:33:42 GMT" time="86.546" errors="0">
  <testcase name="UnitsDetailTableDeleteButton_4867" time="21.242" classname="com.carmen.Sprint2.UnitsDetailTableDeleteButton_225">
    <failure type="java.lang.Error" message="The following element is not clickable: [Proxy element for: DefaultElementLocator &amp;apos;By.cssSelector: button.custom-btn[type=&amp;apos;button&amp;apos;]&amp;apos;]">
      <![CDATA[java.lang.Error: The following element is not clickable: [Proxy element for: DefaultElementLocator 'By.cssSelector: button.custom-btn[type='button']']
at com.carmensol.utilities.utility1.click(utility1.java:541)
at com.carmensol.pages.LeftHandMenu.ClickCreate(LeftHandMenu.java:77)
at com.carmen.Sprint2.UnitsDetailTableDeleteButton_225.UnitsDetailTableDeleteButton_4867(UnitsDetailTableDeleteButton_225.java:68)
... Removed 25 stack frames]]>
    </failure>
  </testcase> <!-- UnitsDetailTableDeleteButton_4867 -->
  <testcase name="UnitsDetailTableDeleteButton_4876" time="24.685" classname="com.carmen.Sprint2.UnitsDetailTableDeleteButton_225">
    <failure type="java.lang.Error" message="The following element is not clickable: [Proxy element for: DefaultElementLocator &amp;apos;By.cssSelector: button.custom-btn[type=&amp;apos;button&amp;apos;]&amp;apos;]">
      <![CDATA[java.lang.Error: The following element is not clickable: [Proxy element for: DefaultElementLocator 'By.cssSelector: button.custom-btn[type='button']']
at com.carmensol.utilities.utility1.click(utility1.java:541)
at com.carmensol.pages.LeftHandMenu.ClickCreate(LeftHandMenu.java:77)
at com.carmen.Sprint2.UnitsDetailTableDeleteButton_225.UnitsDetailTableDeleteButton_4876(UnitsDetailTableDeleteButton_225.java:246)
... Removed 25 stack frames]]>
    </failure>
  </testcase> <!-- UnitsDetailTableDeleteButton_4876 -->
  <testcase name="UnitsDetailTableDeleteButton_4877" time="21.857" classname="com.carmen.Sprint2.UnitsDetailTableDeleteButton_225">
    <failure type="java.lang.Error" message="The following element is not clickable: [Proxy element for: DefaultElementLocator &amp;apos;By.cssSelector: button.custom-btn[type=&amp;apos;button&amp;apos;]&amp;apos;]">
      <![CDATA[java.lang.Error: The following element is not clickable: [Proxy element for: DefaultElementLocator 'By.cssSelector: button.custom-btn[type='button']']
at com.carmensol.utilities.utility1.click(utility1.java:541)
at com.carmensol.pages.LeftHandMenu.ClickCreate(LeftHandMenu.java:77)
at com.carmen.Sprint2.UnitsDetailTableDeleteButton_225.UnitsDetailTableDeleteButton_4877(UnitsDetailTableDeleteButton_225.java:411)
... Removed 25 stack frames]]>
    </failure>
  </testcase> <!-- UnitsDetailTableDeleteButton_4877 -->
</testsuite> <!-- 225 -->
