<?xml version="1.0" encoding="UTF-8"?>
<!-- Generated by org.testng.reporters.JUnitXMLReporter -->
<testsuite hostname="QTSITVDI0028" ignored="0" name="225_" tests="6" failures="0" timestamp="23 May 2019 08:36:52 GMT" time="189.213" errors="0">
  <testcase name="DeleteButtonLOBUnit_4864" time="20.967" classname="com.carmen.Sprint2.DeleteButtonLOBUnit_225"/>
  <testcase name="DeleteButtonLOBUnit_4865" time="13.834" classname="com.carmen.Sprint2.DeleteButtonLOBUnit_225"/>
  <testcase name="DeleteButtonLOBUnit_4871" time="23.591" classname="com.carmen.Sprint2.DeleteButtonLOBUnit_225"/>
  <testcase name="DeleteButtonLOBUnit_4873" time="17.757" classname="com.carmen.Sprint2.DeleteButtonLOBUnit_225"/>
  <testcase name="DeleteButtonLOBUnit_4877" time="27.335" classname="com.carmen.Sprint2.DeleteButtonLOBUnit_225"/>
  <testcase name="DeleteButtonLOBUnit_4878" time="47.205" classname="com.carmen.Sprint2.DeleteButtonLOBUnit_225"/>
</testsuite> <!-- 225_ -->
