<?xml version="1.0" encoding="UTF-8"?>
<!-- Generated by org.testng.reporters.JUnitXMLReporter -->
<testsuite hostname="QTSITVDI0028" ignored="0" name="226" tests="4" failures="4" timestamp="23 May 2019 13:35:34 GMT" time="111.562" errors="0">
  <testcase name="UnitDetailUndeleteButton_4888" time="23.678" classname="com.carmen.Sprint2.UnitDetailUndeleteButton_226">
    <failure type="java.lang.Error" message="The following element is not clickable: [Proxy element for: DefaultElementLocator &amp;apos;By.cssSelector: button.custom-btn[type=&amp;apos;button&amp;apos;]&amp;apos;]">
      <![CDATA[java.lang.Error: The following element is not clickable: [Proxy element for: DefaultElementLocator 'By.cssSelector: button.custom-btn[type='button']']
at com.carmensol.utilities.utility1.click(utility1.java:541)
at com.carmensol.pages.LeftHandMenu.ClickCreate(LeftHandMenu.java:77)
at com.carmen.Sprint2.UnitDetailUndeleteButton_226.UnitDetailUndeleteButton_4888(UnitDetailUndeleteButton_226.java:72)
... Removed 25 stack frames]]>
    </failure>
  </testcase> <!-- UnitDetailUndeleteButton_4888 -->
  <testcase name="UnitDetailUndeleteButton_4886" time="21.121" classname="com.carmen.Sprint2.UnitDetailUndeleteButton_226">
    <failure type="java.lang.Error" message="The following element is not clickable: [Proxy element for: DefaultElementLocator &amp;apos;By.cssSelector: button.custom-btn[type=&amp;apos;button&amp;apos;]&amp;apos;]">
      <![CDATA[java.lang.Error: The following element is not clickable: [Proxy element for: DefaultElementLocator 'By.cssSelector: button.custom-btn[type='button']']
at com.carmensol.utilities.utility1.click(utility1.java:541)
at com.carmensol.pages.LeftHandMenu.ClickCreate(LeftHandMenu.java:77)
at com.carmen.Sprint2.UnitDetailUndeleteButton_226.UnitDetailUndeleteButton_4886(UnitDetailUndeleteButton_226.java:269)
... Removed 25 stack frames]]>
    </failure>
  </testcase> <!-- UnitDetailUndeleteButton_4886 -->
  <testcase name="UnitDetailUndeleteButton_4891" time="21.59" classname="com.carmen.Sprint2.UnitDetailUndeleteButton_226">
    <failure type="java.lang.Error" message="The following element is not clickable: [Proxy element for: DefaultElementLocator &amp;apos;By.cssSelector: button.custom-btn[type=&amp;apos;button&amp;apos;]&amp;apos;]">
      <![CDATA[java.lang.Error: The following element is not clickable: [Proxy element for: DefaultElementLocator 'By.cssSelector: button.custom-btn[type='button']']
at com.carmensol.utilities.utility1.click(utility1.java:541)
at com.carmensol.pages.LeftHandMenu.ClickCreate(LeftHandMenu.java:77)
at com.carmen.Sprint2.UnitDetailUndeleteButton_226.UnitDetailUndeleteButton_4891(UnitDetailUndeleteButton_226.java:427)
... Removed 25 stack frames]]>
    </failure>
  </testcase> <!-- UnitDetailUndeleteButton_4891 -->
  <testcase name="UnitDetailUndeleteButton_4898" time="21.148" classname="com.carmen.Sprint2.UnitDetailUndeleteButton_226">
    <failure type="java.lang.Error" message="The following element is not clickable: [Proxy element for: DefaultElementLocator &amp;apos;By.cssSelector: button.custom-btn[type=&amp;apos;button&amp;apos;]&amp;apos;]">
      <![CDATA[java.lang.Error: The following element is not clickable: [Proxy element for: DefaultElementLocator 'By.cssSelector: button.custom-btn[type='button']']
at com.carmensol.utilities.utility1.click(utility1.java:541)
at com.carmensol.pages.LeftHandMenu.ClickCreate(LeftHandMenu.java:77)
at com.carmen.Sprint2.UnitDetailUndeleteButton_226.UnitDetailUndeleteButton_4898(UnitDetailUndeleteButton_226.java:605)
... Removed 25 stack frames]]>
    </failure>
  </testcase> <!-- UnitDetailUndeleteButton_4898 -->
</testsuite> <!-- 226 -->
