<?xml version="1.0" encoding="UTF-8"?>
<!-- Generated by org.testng.reporters.JUnitXMLReporter -->
<testsuite hostname="QTSITVDI0028" ignored="0" name="228" tests="2" failures="0" timestamp="23 May 2019 08:37:51 GMT" time="58.814" errors="0">
  <testcase name="UnitsDetailTableDeleteButton_4144" time="20.571" classname="com.carmen.Sprint2.CopyUnitsButton_228"/>
  <testcase name="UnitsDetailTableDeleteButton_4145" time="25.395" classname="com.carmen.Sprint2.CopyUnitsButton_228"/>
</testsuite> <!-- 228 -->
