<?xml version="1.0" encoding="UTF-8"?>
<!-- Generated by org.testng.reporters.JUnitXMLReporter -->
<testsuite hostname="QTSITVDI0028" ignored="0" name="2283" tests="1" failures="1" timestamp="31 May 2019 07:26:04 GMT" time="38.952" errors="0">
  <testcase name="CreatePolicyNewBusiness2283" time="20.234" classname="com.carmensol.CreatePolicyNewBusiness_2283">
    <failure type="java.lang.Error" message="The following element is not clickable: [Proxy element for: DefaultElementLocator &amp;apos;By.cssSelector: button.custom-btn[type=&amp;apos;button&amp;apos;]&amp;apos;]">
      <![CDATA[java.lang.Error: The following element is not clickable: [Proxy element for: DefaultElementLocator 'By.cssSelector: button.custom-btn[type='button']']
at com.carmensol.utilities.utility1.click(utility1.java:541)
at com.carmensol.pages.LeftHandMenu.ClickCreate(LeftHandMenu.java:77)
at com.carmensol.CreatePolicyNewBusiness_2283.CreatePolicyNewBusiness2283(CreatePolicyNewBusiness_2283.java:27)
... Removed 25 stack frames]]>
    </failure>
  </testcase> <!-- CreatePolicyNewBusiness2283 -->
</testsuite> <!-- 2283 -->
