<?xml version="1.0" encoding="UTF-8"?>
<!-- Generated by org.testng.reporters.JUnitXMLReporter -->
<testsuite hostname="QTSITVDI0028" ignored="0" name="232" tests="3" failures="3" timestamp="23 May 2019 13:41:29 GMT" time="82.114" errors="0">
  <testcase name="CoverageUnitDetailSection_3885" time="21.071" classname="com.carmen.Sprint2.CoverageUnitDetailSection_232">
    <failure type="java.lang.Error" message="The following element is not clickable: [Proxy element for: DefaultElementLocator &amp;apos;By.cssSelector: button.custom-btn[type=&amp;apos;button&amp;apos;]&amp;apos;]">
      <![CDATA[java.lang.Error: The following element is not clickable: [Proxy element for: DefaultElementLocator 'By.cssSelector: button.custom-btn[type='button']']
at com.carmensol.utilities.utility1.click(utility1.java:541)
at com.carmensol.pages.LeftHandMenu.ClickCreate(LeftHandMenu.java:77)
at com.carmen.Sprint2.CoverageUnitDetailSection_232.CoverageUnitDetailSection_3885(CoverageUnitDetailSection_232.java:66)
... Removed 25 stack frames]]>
    </failure>
  </testcase> <!-- CoverageUnitDetailSection_3885 -->
  <testcase name="CoverageUnitDetailSection_3888" time="21.142" classname="com.carmen.Sprint2.CoverageUnitDetailSection_232">
    <failure type="java.lang.Error" message="The following element is not clickable: [Proxy element for: DefaultElementLocator &amp;apos;By.cssSelector: button.custom-btn[type=&amp;apos;button&amp;apos;]&amp;apos;]">
      <![CDATA[java.lang.Error: The following element is not clickable: [Proxy element for: DefaultElementLocator 'By.cssSelector: button.custom-btn[type='button']']
at com.carmensol.utilities.utility1.click(utility1.java:541)
at com.carmensol.pages.LeftHandMenu.ClickCreate(LeftHandMenu.java:77)
at com.carmen.Sprint2.CoverageUnitDetailSection_232.CoverageUnitDetailSection_3888(CoverageUnitDetailSection_232.java:216)
... Removed 25 stack frames]]>
    </failure>
  </testcase> <!-- CoverageUnitDetailSection_3888 -->
  <testcase name="CoverageUnitDetailSection_3887" time="21.162" classname="com.carmen.Sprint2.CoverageUnitDetailSection_232">
    <failure type="java.lang.Error" message="The following element is not clickable: [Proxy element for: DefaultElementLocator &amp;apos;By.cssSelector: button.custom-btn[type=&amp;apos;button&amp;apos;]&amp;apos;]">
      <![CDATA[java.lang.Error: The following element is not clickable: [Proxy element for: DefaultElementLocator 'By.cssSelector: button.custom-btn[type='button']']
at com.carmensol.utilities.utility1.click(utility1.java:541)
at com.carmensol.pages.LeftHandMenu.ClickCreate(LeftHandMenu.java:77)
at com.carmen.Sprint2.CoverageUnitDetailSection_232.CoverageUnitDetailSection_3887(CoverageUnitDetailSection_232.java:382)
... Removed 25 stack frames]]>
    </failure>
  </testcase> <!-- CoverageUnitDetailSection_3887 -->
</testsuite> <!-- 232 -->
