<?xml version="1.0" encoding="UTF-8"?>
<!-- Generated by org.testng.reporters.JUnitXMLReporter -->
<testsuite hostname="QTSITVDI0028" ignored="0" name="242" tests="2" failures="0" timestamp="23 May 2019 09:21:09 GMT" time="53.59" errors="0">
  <testcase name="AddNewCoverageSaveAddAnother_4330" time="18.554" classname="com.carmen.Sprint2.AddNewCoverageSaveAddAnother_242"/>
  <testcase name="AddNewCoverageSaveAddAnother_4328" time="22.093" classname="com.carmen.Sprint2.AddNewCoverageSaveAddAnother_242"/>
</testsuite> <!-- 242 -->
