<?xml version="1.0" encoding="UTF-8"?>
<!-- Generated by org.testng.reporters.JUnitXMLReporter -->
<testsuite hostname="QTSITVDI0028" ignored="0" name="31" tests="2" failures="2" timestamp="29 May 2019 07:31:46 GMT" time="54.192" errors="0">
  <testcase name="AlternatePolicy1913" time="20.163" classname="com.carmensol.AlternatePolicy_31">
    <failure type="java.lang.Error" message="The following element is not clickable: [Proxy element for: DefaultElementLocator &amp;apos;By.cssSelector: button.custom-btn[type=&amp;apos;button&amp;apos;]&amp;apos;]">
      <![CDATA[java.lang.Error: The following element is not clickable: [Proxy element for: DefaultElementLocator 'By.cssSelector: button.custom-btn[type='button']']
at com.carmensol.utilities.utility1.click(utility1.java:541)
at com.carmensol.pages.LeftHandMenu.ClickCreate(LeftHandMenu.java:77)
at com.carmensol.AlternatePolicy_31.AlternatePolicy1913(AlternatePolicy_31.java:36)
... Removed 25 stack frames]]>
    </failure>
  </testcase> <!-- AlternatePolicy1913 -->
  <testcase name="AlternatePolicy1915" time="21.353" classname="com.carmensol.AlternatePolicy_31">
    <failure type="java.lang.Error" message="The following element is not clickable: [Proxy element for: DefaultElementLocator &amp;apos;By.cssSelector: button.custom-btn[type=&amp;apos;button&amp;apos;]&amp;apos;]">
      <![CDATA[java.lang.Error: The following element is not clickable: [Proxy element for: DefaultElementLocator 'By.cssSelector: button.custom-btn[type='button']']
at com.carmensol.utilities.utility1.click(utility1.java:541)
at com.carmensol.pages.LeftHandMenu.ClickCreate(LeftHandMenu.java:77)
at com.carmensol.AlternatePolicy_31.AlternatePolicy1915(AlternatePolicy_31.java:108)
... Removed 25 stack frames]]>
    </failure>
  </testcase> <!-- AlternatePolicy1915 -->
</testsuite> <!-- 31 -->
