<?xml version="1.0" encoding="UTF-8"?>
<!-- Generated by org.testng.reporters.JUnitXMLReporter -->
<testsuite hostname="QTSITVDI0028" ignored="0" name="32" tests="7" failures="7" timestamp="29 May 2019 07:34:51 GMT" time="185.45" errors="0">
  <testcase name="BrokerAgentBrokerageAgency672" time="20.179" classname="com.carmensol.BrokerAgentBrokerageAgency_32">
    <failure type="java.lang.Error" message="The following element is not clickable: [Proxy element for: DefaultElementLocator &amp;apos;By.cssSelector: button.custom-btn[type=&amp;apos;button&amp;apos;]&amp;apos;]">
      <![CDATA[java.lang.Error: The following element is not clickable: [Proxy element for: DefaultElementLocator 'By.cssSelector: button.custom-btn[type='button']']
at com.carmensol.utilities.utility1.click(utility1.java:541)
at com.carmensol.pages.LeftHandMenu.ClickCreate(LeftHandMenu.java:77)
at com.carmensol.BrokerAgentBrokerageAgency_32.BrokerAgentBrokerageAgency672(BrokerAgentBrokerageAgency_32.java:32)
... Removed 25 stack frames]]>
    </failure>
  </testcase> <!-- BrokerAgentBrokerageAgency672 -->
  <testcase name="BrokerAgentBrokerageAgency675" time="20.133" classname="com.carmensol.BrokerAgentBrokerageAgency_32">
    <failure type="java.lang.Error" message="The following element is not clickable: [Proxy element for: DefaultElementLocator &amp;apos;By.cssSelector: button.custom-btn[type=&amp;apos;button&amp;apos;]&amp;apos;]">
      <![CDATA[java.lang.Error: The following element is not clickable: [Proxy element for: DefaultElementLocator 'By.cssSelector: button.custom-btn[type='button']']
at com.carmensol.utilities.utility1.click(utility1.java:541)
at com.carmensol.pages.LeftHandMenu.ClickCreate(LeftHandMenu.java:77)
at com.carmensol.BrokerAgentBrokerageAgency_32.BrokerAgentBrokerageAgency675(BrokerAgentBrokerageAgency_32.java:83)
... Removed 25 stack frames]]>
    </failure>
  </testcase> <!-- BrokerAgentBrokerageAgency675 -->
  <testcase name="BrokerAgentBrokerageAgency663" time="20.166" classname="com.carmensol.BrokerAgentBrokerageAgency_32">
    <failure type="java.lang.Error" message="The following element is not clickable: [Proxy element for: DefaultElementLocator &amp;apos;By.cssSelector: button.custom-btn[type=&amp;apos;button&amp;apos;]&amp;apos;]">
      <![CDATA[java.lang.Error: The following element is not clickable: [Proxy element for: DefaultElementLocator 'By.cssSelector: button.custom-btn[type='button']']
at com.carmensol.utilities.utility1.click(utility1.java:541)
at com.carmensol.pages.LeftHandMenu.ClickCreate(LeftHandMenu.java:77)
at com.carmensol.BrokerAgentBrokerageAgency_32.BrokerAgentBrokerageAgency663(BrokerAgentBrokerageAgency_32.java:158)
... Removed 25 stack frames]]>
    </failure>
  </testcase> <!-- BrokerAgentBrokerageAgency663 -->
  <testcase name="BrokerAgentBrokerageAgency719" time="20.154" classname="com.carmensol.BrokerAgentBrokerageAgency_32">
    <failure type="java.lang.Error" message="The following element is not clickable: [Proxy element for: DefaultElementLocator &amp;apos;By.cssSelector: button.custom-btn[type=&amp;apos;button&amp;apos;]&amp;apos;]">
      <![CDATA[java.lang.Error: The following element is not clickable: [Proxy element for: DefaultElementLocator 'By.cssSelector: button.custom-btn[type='button']']
at com.carmensol.utilities.utility1.click(utility1.java:541)
at com.carmensol.pages.LeftHandMenu.ClickCreate(LeftHandMenu.java:77)
at com.carmensol.BrokerAgentBrokerageAgency_32.BrokerAgentBrokerageAgency719(BrokerAgentBrokerageAgency_32.java:207)
... Removed 25 stack frames]]>
    </failure>
  </testcase> <!-- BrokerAgentBrokerageAgency719 -->
  <testcase name="BrokerAgentBrokerageAgency669" time="20.171" classname="com.carmensol.BrokerAgentBrokerageAgency_32">
    <failure type="java.lang.Error" message="The following element is not clickable: [Proxy element for: DefaultElementLocator &amp;apos;By.cssSelector: button.custom-btn[type=&amp;apos;button&amp;apos;]&amp;apos;]">
      <![CDATA[java.lang.Error: The following element is not clickable: [Proxy element for: DefaultElementLocator 'By.cssSelector: button.custom-btn[type='button']']
at com.carmensol.utilities.utility1.click(utility1.java:541)
at com.carmensol.pages.LeftHandMenu.ClickCreate(LeftHandMenu.java:77)
at com.carmensol.BrokerAgentBrokerageAgency_32.BrokerAgentBrokerageAgency669(BrokerAgentBrokerageAgency_32.java:250)
... Removed 25 stack frames]]>
    </failure>
  </testcase> <!-- BrokerAgentBrokerageAgency669 -->
  <testcase name="BrokerAgentBrokerageAgency666" time="20.15" classname="com.carmensol.BrokerAgentBrokerageAgency_32">
    <failure type="java.lang.Error" message="The following element is not clickable: [Proxy element for: DefaultElementLocator &amp;apos;By.cssSelector: button.custom-btn[type=&amp;apos;button&amp;apos;]&amp;apos;]">
      <![CDATA[java.lang.Error: The following element is not clickable: [Proxy element for: DefaultElementLocator 'By.cssSelector: button.custom-btn[type='button']']
at com.carmensol.utilities.utility1.click(utility1.java:541)
at com.carmensol.pages.LeftHandMenu.ClickCreate(LeftHandMenu.java:77)
at com.carmensol.BrokerAgentBrokerageAgency_32.BrokerAgentBrokerageAgency666(BrokerAgentBrokerageAgency_32.java:306)
... Removed 25 stack frames]]>
    </failure>
  </testcase> <!-- BrokerAgentBrokerageAgency666 -->
  <testcase name="BrokerAgentBrokerageAgency683" time="20.133" classname="com.carmensol.BrokerAgentBrokerageAgency_32">
    <failure type="java.lang.Error" message="The following element is not clickable: [Proxy element for: DefaultElementLocator &amp;apos;By.cssSelector: button.custom-btn[type=&amp;apos;button&amp;apos;]&amp;apos;]">
      <![CDATA[java.lang.Error: The following element is not clickable: [Proxy element for: DefaultElementLocator 'By.cssSelector: button.custom-btn[type='button']']
at com.carmensol.utilities.utility1.click(utility1.java:541)
at com.carmensol.pages.LeftHandMenu.ClickCreate(LeftHandMenu.java:77)
at com.carmensol.BrokerAgentBrokerageAgency_32.BrokerAgentBrokerageAgency683(BrokerAgentBrokerageAgency_32.java:359)
... Removed 25 stack frames]]>
    </failure>
  </testcase> <!-- BrokerAgentBrokerageAgency683 -->
</testsuite> <!-- 32 -->
