<?xml version="1.0" encoding="UTF-8"?>
<!-- Generated by org.testng.reporters.JUnitXMLReporter -->
<testsuite hostname="QTSITVDI0028" ignored="0" name="34" tests="6" failures="4" timestamp="23 May 2019 13:26:30 GMT" time="125.908" errors="0">
  <testcase name="SubBroker726" time="20.36" classname="com.carmensol.SubBroker_34">
    <failure type="java.lang.Error" message="The following element is not clickable: [Proxy element for: DefaultElementLocator &amp;apos;By.cssSelector: button.custom-btn[type=&amp;apos;button&amp;apos;]&amp;apos;]">
      <![CDATA[java.lang.Error: The following element is not clickable: [Proxy element for: DefaultElementLocator 'By.cssSelector: button.custom-btn[type='button']']
at com.carmensol.utilities.utility1.click(utility1.java:541)
at com.carmensol.pages.LeftHandMenu.ClickCreate(LeftHandMenu.java:77)
at com.carmensol.SubBroker_34.SubBroker726(SubBroker_34.java:35)
... Removed 25 stack frames]]>
    </failure>
  </testcase> <!-- SubBroker726 -->
  <testcase name="SubBroker731" time="20.32" classname="com.carmensol.SubBroker_34">
    <failure type="java.lang.Error" message="The following element is not clickable: [Proxy element for: DefaultElementLocator &amp;apos;By.cssSelector: button.custom-btn[type=&amp;apos;button&amp;apos;]&amp;apos;]">
      <![CDATA[java.lang.Error: The following element is not clickable: [Proxy element for: DefaultElementLocator 'By.cssSelector: button.custom-btn[type='button']']
at com.carmensol.utilities.utility1.click(utility1.java:541)
at com.carmensol.pages.LeftHandMenu.ClickCreate(LeftHandMenu.java:77)
at com.carmensol.SubBroker_34.SubBroker731(SubBroker_34.java:78)
... Removed 25 stack frames]]>
    </failure>
  </testcase> <!-- SubBroker731 -->
  <testcase name="SubBroker746" time="2.469" classname="com.carmensol.SubBroker_34"/>
  <testcase name="SubBroker737" time="20.434" classname="com.carmensol.SubBroker_34">
    <failure type="java.lang.Error" message="The following element is not clickable: [Proxy element for: DefaultElementLocator &amp;apos;By.cssSelector: button.custom-btn[type=&amp;apos;button&amp;apos;]&amp;apos;]">
      <![CDATA[java.lang.Error: The following element is not clickable: [Proxy element for: DefaultElementLocator 'By.cssSelector: button.custom-btn[type='button']']
at com.carmensol.utilities.utility1.click(utility1.java:541)
at com.carmensol.pages.LeftHandMenu.ClickCreate(LeftHandMenu.java:77)
at com.carmensol.SubBroker_34.SubBroker737(SubBroker_34.java:180)
... Removed 25 stack frames]]>
    </failure>
  </testcase> <!-- SubBroker737 -->
  <testcase name="SubBroker775" time="22.671" classname="com.carmensol.SubBroker_34">
    <failure type="java.lang.Error" message="The following element is not clickable: [Proxy element for: DefaultElementLocator &amp;apos;By.cssSelector: button.custom-btn[type=&amp;apos;button&amp;apos;]&amp;apos;]">
      <![CDATA[java.lang.Error: The following element is not clickable: [Proxy element for: DefaultElementLocator 'By.cssSelector: button.custom-btn[type='button']']
at com.carmensol.utilities.utility1.click(utility1.java:541)
at com.carmensol.pages.LeftHandMenu.ClickCreate(LeftHandMenu.java:77)
at com.carmensol.SubBroker_34.SubBroker775(SubBroker_34.java:256)
... Removed 25 stack frames]]>
    </failure>
  </testcase> <!-- SubBroker775 -->
  <testcase name="SubBroker735" time="2.451" classname="com.carmensol.SubBroker_34"/>
</testsuite> <!-- 34 -->
