<?xml version="1.0" encoding="UTF-8"?>
<!-- Generated by org.testng.reporters.JUnitXMLReporter -->
<testsuite hostname="QTSITVDI0028" ignored="0" name="358" tests="2" failures="0" timestamp="23 May 2019 09:33:36 GMT" time="44.011" errors="0">
  <testcase name="UnitsDetailScreenCloseButton_3872" time="15.139" classname="com.carmen.Sprint2.UnitsDetailScreenCloseButton_358"/>
  <testcase name="UnitsDetailScreenCloseButton_3873" time="15.969" classname="com.carmen.Sprint2.UnitsDetailScreenCloseButton_358"/>
</testsuite> <!-- 358 -->
