<?xml version="1.0" encoding="UTF-8"?>
<!-- Generated by org.testng.reporters.JUnitXMLReporter -->
<testsuite hostname="QTSITVDI0028" ignored="0" name="362" tests="3" failures="0" timestamp="23 May 2019 09:18:12 GMT" time="91.06" errors="0">
  <testcase name="CoverageDetailClose_4468" time="22.81" classname="com.carmen.Sprint2.CoverageDetailClose_362"/>
  <testcase name="CoverageDetailClose_4469" time="22.628" classname="com.carmen.Sprint2.CoverageDetailClose_362"/>
  <testcase name="CoverageDetailClose_4470" time="26.391" classname="com.carmen.Sprint2.CoverageDetailClose_362"/>
</testsuite> <!-- 362 -->
