<?xml version="1.0" encoding="UTF-8"?>
<!-- Generated by org.testng.reporters.JUnitXMLReporter -->
<testsuite hostname="QTSITVDI0028" ignored="0" name="388" tests="4" failures="0" timestamp="23 May 2019 08:42:52 GMT" time="107.125" errors="0">
  <testcase name="TaxFeeScreen_4715" time="21.361" classname="com.carmen.Sprint2.TaxFeeScreen_388"/>
  <testcase name="TaxFeeScreen_4719" time="17.542" classname="com.carmen.Sprint2.TaxFeeScreen_388"/>
  <testcase name="TaxFeeScreen_4720" time="21.97" classname="com.carmen.Sprint2.TaxFeeScreen_388"/>
  <testcase name="TaxFeeScreen_4710" time="20.495" classname="com.carmen.Sprint2.TaxFeeScreen_388"/>
</testsuite> <!-- 388 -->
