<?xml version="1.0" encoding="UTF-8"?>
<!-- Generated by org.testng.reporters.JUnitXMLReporter -->
<testsuite hostname="QTSITVDI0028" ignored="0" name="389" tests="2" failures="0" timestamp="23 May 2019 09:37:36 GMT" time="63.109" errors="0">
  <testcase name="AddNewTaxFeeScreenSaveButton_4723" time="26.963" classname="com.carmen.Sprint2.AddNewTaxFeeScreenSaveButton_389"/>
  <testcase name="AddNewTaxFeeScreenSaveButton_4729" time="23.255" classname="com.carmen.Sprint2.AddNewTaxFeeScreenSaveButton_389"/>
</testsuite> <!-- 389 -->
