<?xml version="1.0" encoding="UTF-8"?>
<!-- Generated by org.testng.reporters.JUnitXMLReporter -->
<testsuite hostname="QTSITVDI0028" ignored="0" name="390" tests="3" failures="0" timestamp="23 May 2019 09:39:10 GMT" time="94.109" errors="0">
  <testcase name="AddNewTaxFeeScreenCancelButton_4731" time="18.75" classname="com.carmen.Sprint2.AddNewTaxFeeScreenCancelButton_390"/>
  <testcase name="AddNewTaxFeeScreenCancelButton_4734" time="23.868" classname="com.carmen.Sprint2.AddNewTaxFeeScreenCancelButton_390"/>
  <testcase name="AddNewTaxFeeScreenCancelButton_4732" time="32.247" classname="com.carmen.Sprint2.AddNewTaxFeeScreenCancelButton_390"/>
</testsuite> <!-- 390 -->
