<?xml version="1.0" encoding="UTF-8"?>
<!-- Generated by org.testng.reporters.JUnitXMLReporter -->
<testsuite hostname="QTSITVDI0028" ignored="0" name="399" tests="3" failures="0" timestamp="23 May 2019 09:40:44 GMT" time="93.787" errors="0">
  <testcase name="TaxFeeDetailSectionPolicyTaxFee_4750" time="23.87" classname="com.carmen.Sprint2.TaxFeeDetailSectionPolicyTaxFee_399"/>
  <testcase name="TaxFeeDetailSectionPolicyTaxFee_4742" time="23.262" classname="com.carmen.Sprint2.TaxFeeDetailSectionPolicyTaxFee_399"/>
  <testcase name="TaxFeeDetailSectionPolicyTaxFee_4744" time="27.395" classname="com.carmen.Sprint2.TaxFeeDetailSectionPolicyTaxFee_399"/>
</testsuite> <!-- 399 -->
