<?xml version="1.0" encoding="UTF-8"?>
<!-- Generated by org.testng.reporters.JUnitXMLReporter -->
<testsuite hostname="QTSITVDI0028" ignored="0" name="401" tests="3" failures="0" timestamp="23 May 2019 09:42:18 GMT" time="94.53" errors="0">
  <testcase name="TaxFeeDetailSectionAmount_4759" time="24.182" classname="com.carmen.Sprint2.TaxFeeDetailSectionAmount_401"/>
  <testcase name="TaxFeeDetailSectionAmount_4752" time="23.413" classname="com.carmen.Sprint2.TaxFeeDetailSectionAmount_401"/>
  <testcase name="TaxFeeDetailSectionAmount_4754" time="27.638" classname="com.carmen.Sprint2.TaxFeeDetailSectionAmount_401"/>
</testsuite> <!-- 401 -->
