<?xml version="1.0" encoding="UTF-8"?>
<!-- Generated by org.testng.reporters.JUnitXMLReporter -->
<testsuite hostname="QTSITVDI0028" ignored="0" name="414" tests="3" failures="0" timestamp="23 May 2019 09:20:16 GMT" time="91.14" errors="0">
  <testcase name="TaxFeeClose_4486" time="22.404" classname="com.carmen.Sprint2.TaxFeeClose_414"/>
  <testcase name="CoverageDetailClose_4485" time="22.729" classname="com.carmen.Sprint2.TaxFeeClose_414"/>
  <testcase name="CoverageDetailClose_4487" time="26.784" classname="com.carmen.Sprint2.TaxFeeClose_414"/>
</testsuite> <!-- 414 -->
