<?xml version="1.0" encoding="UTF-8"?>
<!-- Generated by org.testng.reporters.JUnitXMLReporter -->
<testsuite hostname="QTSITVDI0028" ignored="0" name="419" tests="2" failures="0" timestamp="23 May 2019 09:36:10 GMT" time="50.985" errors="0">
  <testcase name="CLMManualSearchScreenSelectClassButton_2423" time="18.196" classname="com.carmen.Sprint2.CLMManualSearchScreenSelectClassButton_419"/>
  <testcase name="CLMManualSearchScreenSelectClassButton_2424" time="19.851" classname="com.carmen.Sprint2.CLMManualSearchScreenSelectClassButton_419"/>
</testsuite> <!-- 419 -->
