<?xml version="1.0" encoding="UTF-8"?>
<!-- Generated by org.testng.reporters.JUnitXMLReporter -->
<testsuite hostname="QTSITVDI0028" ignored="0" name="422" tests="4" failures="0" timestamp="23 May 2019 08:41:05 GMT" time="109.769" errors="0">
  <testcase name="CLMManualSearch_2438" time="20.966" classname="com.carmen.Sprint2.CLMManualSearch_422"/>
  <testcase name="CLMManualSearch_2432" time="21.702" classname="com.carmen.Sprint2.CLMManualSearch_422"/>
  <testcase name="CLMManualSearch_2436" time="20.405" classname="com.carmen.Sprint2.CLMManualSearch_422"/>
  <testcase name="CLMManualSearch_2439" time="20.858" classname="com.carmen.Sprint2.CLMManualSearch_422"/>
</testsuite> <!-- 422 -->
