<?xml version="1.0" encoding="UTF-8"?>
<!-- Generated by org.testng.reporters.JUnitXMLReporter -->
<testsuite hostname="QTSITVDI0028" ignored="0" name="4407" tests="1" failures="0" timestamp="18 Feb 2019 10:21:58 GMT" time="18.528" errors="0">
  <testcase name="ChangeCMRClaimReportedDateBeforeLatestExpTailDateAfterReportedDifferentPolicyEdition4407" time="11.129" classname="com.carmen.ChangeClaim.ChangeCMRClaimReportedDateBeforeLatestExpTailDateAfterReportedDifferentPolicyEdition_4407"/>
</testsuite> <!-- 4407 -->
