<?xml version="1.0" encoding="UTF-8"?>
<!-- Generated by org.testng.reporters.JUnitXMLReporter -->
<testsuite hostname="QTSITVDI0028" ignored="0" name="4408" tests="1" failures="0" timestamp="18 Feb 2019 10:22:14 GMT" time="16.224" errors="0">
  <testcase name="ChangeCMRClaimReportedDateBeforeLatestExpTailDateBeforeReportedDifferentPolicyEdition4408" time="11.038" classname="com.carmen.ChangeClaim.ChangeCMRClaimReportedDateBeforeLatestExpTailDateBeforeReportedDifferentPolicyEdition_4408"/>
</testsuite> <!-- 4408 -->
