<?xml version="1.0" encoding="UTF-8"?>
<!-- Generated by org.testng.reporters.JUnitXMLReporter -->
<testsuite hostname="QTSITVDI0028" ignored="0" name="475" tests="3" failures="3" timestamp="23 May 2019 13:42:51 GMT" time="82.267" errors="0">
  <testcase name="LOBUnitDetailFieldsChanges_3970" time="21.534" classname="com.carmen.Sprint2.LOBUnitDetailFieldsChanges_475">
    <failure type="java.lang.Error" message="The following element is not clickable: [Proxy element for: DefaultElementLocator &amp;apos;By.cssSelector: button.custom-btn[type=&amp;apos;button&amp;apos;]&amp;apos;]">
      <![CDATA[java.lang.Error: The following element is not clickable: [Proxy element for: DefaultElementLocator 'By.cssSelector: button.custom-btn[type='button']']
at com.carmensol.utilities.utility1.click(utility1.java:541)
at com.carmensol.pages.LeftHandMenu.ClickCreate(LeftHandMenu.java:77)
at com.carmen.Sprint2.LOBUnitDetailFieldsChanges_475.LOBUnitDetailFieldsChanges_3970(LOBUnitDetailFieldsChanges_475.java:68)
... Removed 25 stack frames]]>
    </failure>
  </testcase> <!-- LOBUnitDetailFieldsChanges_3970 -->
  <testcase name="LOBUnitDetailFieldsChanges_3980" time="21.154" classname="com.carmen.Sprint2.LOBUnitDetailFieldsChanges_475">
    <failure type="java.lang.Error" message="The following element is not clickable: [Proxy element for: DefaultElementLocator &amp;apos;By.cssSelector: button.custom-btn[type=&amp;apos;button&amp;apos;]&amp;apos;]">
      <![CDATA[java.lang.Error: The following element is not clickable: [Proxy element for: DefaultElementLocator 'By.cssSelector: button.custom-btn[type='button']']
at com.carmensol.utilities.utility1.click(utility1.java:541)
at com.carmensol.pages.LeftHandMenu.ClickCreate(LeftHandMenu.java:77)
at com.carmen.Sprint2.LOBUnitDetailFieldsChanges_475.LOBUnitDetailFieldsChanges_3980(LOBUnitDetailFieldsChanges_475.java:237)
... Removed 25 stack frames]]>
    </failure>
  </testcase> <!-- LOBUnitDetailFieldsChanges_3980 -->
  <testcase name="LOBUnitDetailFieldsChanges_3978" time="21.161" classname="com.carmen.Sprint2.LOBUnitDetailFieldsChanges_475">
    <failure type="java.lang.Error" message="The following element is not clickable: [Proxy element for: DefaultElementLocator &amp;apos;By.cssSelector: button.custom-btn[type=&amp;apos;button&amp;apos;]&amp;apos;]">
      <![CDATA[java.lang.Error: The following element is not clickable: [Proxy element for: DefaultElementLocator 'By.cssSelector: button.custom-btn[type='button']']
at com.carmensol.utilities.utility1.click(utility1.java:541)
at com.carmensol.pages.LeftHandMenu.ClickCreate(LeftHandMenu.java:77)
at com.carmen.Sprint2.LOBUnitDetailFieldsChanges_475.LOBUnitDetailFieldsChanges_3978(LOBUnitDetailFieldsChanges_475.java:411)
... Removed 25 stack frames]]>
    </failure>
  </testcase> <!-- LOBUnitDetailFieldsChanges_3978 -->
</testsuite> <!-- 475 -->
