<?xml version="1.0" encoding="UTF-8"?>
<!-- Generated by org.testng.reporters.JUnitXMLReporter -->
<testsuite hostname="QTSITVDI0028" ignored="0" name="5181" tests="2" failures="0" timestamp="23 May 2019 09:07:42 GMT" time="58.623" errors="0">
  <testcase name="PolicyDetailScreenCancel_5328" time="19.262" classname="com.carmen.Sprint2.PolicyDetailScreenCancel_5181"/>
  <testcase name="PolicyDetailScreenCancel_5325" time="15.867" classname="com.carmen.Sprint2.PolicyDetailScreenCancel_5181"/>
</testsuite> <!-- 5181 -->
