<?xml version="1.0" encoding="UTF-8"?>
<!-- Generated by org.testng.reporters.JUnitXMLReporter -->
<testsuite hostname="QTSITVDI0028" ignored="0" name="5440" tests="5" failures="0" timestamp="23 May 2019 10:27:30 GMT" time="220.928" errors="0">
  <testcase name="AddLocationsScreenCancelButton_7002" time="25.737" classname="com.carmen.Sprint5.AddLocationsScreenCancelButton_5644"/>
  <testcase name="AddLocationsScreenCancelButton_7007" time="30.799" classname="com.carmen.Sprint5.AddLocationsScreenCancelButton_5644"/>
  <testcase name="AddLocationsScreenCancelButton_7006" time="33.641" classname="com.carmen.Sprint5.AddLocationsScreenCancelButton_5644"/>
  <testcase name="AddLocationsScreenCancelButton_7010" time="45.943" classname="com.carmen.Sprint5.AddLocationsScreenCancelButton_5644"/>
  <testcase name="AddLocationsScreenCancelButton_7008" time="52.415" classname="com.carmen.Sprint5.AddLocationsScreenCancelButton_5644"/>
</testsuite> <!-- 5440 -->
