<?xml version="1.0" encoding="UTF-8"?>
<!-- Generated by org.testng.reporters.JUnitXMLReporter -->
<testsuite hostname="QTSITVDI0028" ignored="0" name="5620" tests="3" failures="0" timestamp="23 May 2019 10:10:18 GMT" time="158.463" errors="0">
  <testcase name="SchedulesDetailScreenSaveButton_6911" time="48.78" classname="com.carmen.Sprint5.SchedulesDetailScreenSaveButton_5620"/>
  <testcase name="SchedulesDetailScreenSaveButton_6907" time="41.873" classname="com.carmen.Sprint5.SchedulesDetailScreenSaveButton_5620"/>
  <testcase name="SchedulesDetailScreenSaveButton_6913" time="47.914" classname="com.carmen.Sprint5.SchedulesDetailScreenSaveButton_5620"/>
</testsuite> <!-- 5620 -->
