<?xml version="1.0" encoding="UTF-8"?>
<!-- Generated by org.testng.reporters.JUnitXMLReporter -->
<testsuite hostname="QTSITVDI0028" ignored="0" name="5621" tests="3" failures="0" timestamp="23 May 2019 10:12:51 GMT" time="153.012" errors="0">
  <testcase name="SchedulesDetailScreenCloseButton_6919" time="47.822" classname="com.carmen.Sprint5.SchedulesDetailScreenCloseButton_5621"/>
  <testcase name="SchedulesDetailScreenCloseButton_6923" time="45.956" classname="com.carmen.Sprint5.SchedulesDetailScreenCloseButton_5621"/>
  <testcase name="SchedulesDetailScreenCloseButton_6920" time="39.974" classname="com.carmen.Sprint5.SchedulesDetailScreenCloseButton_5621"/>
</testsuite> <!-- 5621 -->
