<?xml version="1.0" encoding="UTF-8"?>
<!-- Generated by org.testng.reporters.JUnitXMLReporter -->
<testsuite hostname="QTSITVDI0028" ignored="0" name="5625" tests="3" failures="0" timestamp="23 May 2019 10:17:42 GMT" time="172.489" errors="0">
  <testcase name="SchedulesDetailTableDeleteButton_6938" time="40.83" classname="com.carmen.Sprint5.SchedulesDetailTableDeleteButton_5625"/>
  <testcase name="SchedulesDetailTableDeleteButton_6944" time="64.449" classname="com.carmen.Sprint5.SchedulesDetailTableDeleteButton_5625"/>
  <testcase name="SchedulesDetailTableDeleteButton_6942" time="47.51" classname="com.carmen.Sprint5.SchedulesDetailTableDeleteButton_5625"/>
</testsuite> <!-- 5625 -->
