<?xml version="1.0" encoding="UTF-8"?>
<!-- Generated by org.testng.reporters.JUnitXMLReporter -->
<testsuite hostname="QTSITVDI0028" ignored="0" name="5635" tests="2" failures="0" timestamp="23 May 2019 10:22:57 GMT" time="67.756" errors="0">
  <testcase name="SchedulesDetailLaunchItemAddParties_6984" time="25.565" classname="com.carmen.Sprint5.SchedulesDetailLaunchItemAddParties_5635"/>
  <testcase name="SchedulesDetailLaunchItemAddParties_6985" time="29.252" classname="com.carmen.Sprint5.SchedulesDetailLaunchItemAddParties_5635"/>
</testsuite> <!-- 5635 -->
