<?xml version="1.0" encoding="UTF-8"?>
<!-- Generated by org.testng.reporters.JUnitXMLReporter -->
<testsuite hostname="QTSITVDI0028" ignored="0" name="5643" tests="2" failures="0" timestamp="23 May 2019 10:20:19 GMT" time="156.49" errors="0">
  <testcase name="AddLocationsScreenSaveButton_7000" time="38.095" classname="com.carmen.Sprint5.AddLocationsScreenSaveButton_5643"/>
  <testcase name="AddLocationsScreenSaveButton_6999" time="105.434" classname="com.carmen.Sprint5.AddLocationsScreenSaveButton_5643"/>
</testsuite> <!-- 5643 -->
