<?xml version="1.0" encoding="UTF-8"?>
<!-- Generated by org.testng.reporters.JUnitXMLReporter -->
<testsuite hostname="QTSITVDI0028" ignored="0" name="5651" tests="2" failures="0" timestamp="23 May 2019 10:32:56 GMT" time="94.433" errors="0">
  <testcase name="AddNewLocationAddressSectionLocationNoField_7037" time="34.212" classname="com.carmen.Sprint5.AddNewLocationAddressSectionLocationNoField_5651"/>
  <testcase name="AddNewLocationAddressSectionLocationNoField_7035" time="47.33" classname="com.carmen.Sprint5.AddNewLocationAddressSectionLocationNoField_5651"/>
</testsuite> <!-- 5651 -->
