<?xml version="1.0" encoding="UTF-8"?>
<!-- Generated by org.testng.reporters.JUnitXMLReporter -->
<testsuite hostname="QTSITVDI0028" ignored="0" name="5652" tests="2" failures="1" timestamp="23 May 2019 10:34:27 GMT" time="90.351" errors="0">
  <testcase name="AddNewLocationAddressSectionUnitField_7439" time="47.677" classname="com.carmen.Sprint5.AddNewLocationAddressSectionUnitField_5652">
    <failure type="java.lang.Error" message="The following element is not clickable: [Proxy element for: DefaultElementLocator &amp;apos;By.xpath: //*[@id=&amp;quot;tbody-section&amp;quot;]/tr[3]&amp;apos;]">
      <![CDATA[java.lang.Error: The following element is not clickable: [Proxy element for: DefaultElementLocator 'By.xpath: //*[@id="tbody-section"]/tr[3]']
at com.carmensol.utilities.utility1.click(utility1.java:541)
at com.carmen.Sprint5.AddNewLocationAddressSectionUnitField_5652.AddNewLocationAddressSectionUnitField_7439(AddNewLocationAddressSectionUnitField_5652.java:213)
... Removed 25 stack frames]]>
    </failure>
  </testcase> <!-- AddNewLocationAddressSectionUnitField_7439 -->
  <testcase name="AddNewLocationAddressSectionUnitField_7442" time="29.732" classname="com.carmen.Sprint5.AddNewLocationAddressSectionUnitField_5652"/>
</testsuite> <!-- 5652 -->
