<?xml version="1.0" encoding="UTF-8"?>
<!-- Generated by org.testng.reporters.JUnitXMLReporter -->
<testsuite hostname="QTSITVDI0028" ignored="0" name="5655" tests="3" failures="0" timestamp="23 May 2019 10:36:24 GMT" time="117.542" errors="0">
  <testcase name="AddPartiesScreenCancelButton_7445" time="34.032" classname="com.carmen.Sprint5.AddPartiesScreenCancelButton_5655"/>
  <testcase name="AddPartiesScreenCancelButton_7449" time="29.551" classname="com.carmen.Sprint5.AddPartiesScreenCancelButton_5655"/>
  <testcase name="AddPartiesScreenCancelButton_7447" time="34.672" classname="com.carmen.Sprint5.AddPartiesScreenCancelButton_5655"/>
</testsuite> <!-- 5655 -->
