<?xml version="1.0" encoding="UTF-8"?>
<!-- Generated by org.testng.reporters.JUnitXMLReporter -->
<testsuite hostname="QTSITVDI0028" ignored="0" name="5666" tests="2" failures="0" timestamp="23 May 2019 10:38:59 GMT" time="71.739" errors="0">
  <testcase name="AddNewPartySectionUnitField_7331" time="30.031" classname="com.carmen.Sprint5.AddNewPartySectionUnitField_5666"/>
  <testcase name="AddNewPartySectionUnitField_7334" time="28.88" classname="com.carmen.Sprint5.AddNewPartySectionUnitField_5666"/>
</testsuite> <!-- 5666 -->
