<?xml version="1.0" encoding="UTF-8"?>
<!-- Generated by org.testng.reporters.JUnitXMLReporter -->
<testsuite hostname="QTSITVDI0028" ignored="0" name="5670" tests="3" failures="0" timestamp="23 May 2019 10:40:48 GMT" time="109.36" errors="0">
  <testcase name="AddSpecialEventsScreenCancelButton_7082" time="32.643" classname="com.carmen.Sprint5.AddSpecialEventsScreenCancelButton_5670"/>
  <testcase name="AddSpecialEventsScreenCancelButton_7086" time="28.957" classname="com.carmen.Sprint5.AddSpecialEventsScreenCancelButton_5670"/>
  <testcase name="AddSpecialEventsScreenCancelButton_7081" time="28.395" classname="com.carmen.Sprint5.AddSpecialEventsScreenCancelButton_5670"/>
</testsuite> <!-- 5670 -->
