<?xml version="1.0" encoding="UTF-8"?>
<!-- Generated by org.testng.reporters.JUnitXMLReporter -->
<testsuite hostname="QTSITVDI0028" ignored="0" name="5679" tests="2" failures="0" timestamp="23 May 2019 10:45:16 GMT" time="81.593" errors="0">
  <testcase name="AddNewEventSectionUnitField_7109" time="36.897" classname="com.carmen.Sprint5.AddNewEventSectionUnitField_5679"/>
  <testcase name="AddNewEventSectionUnitField_7106" time="31.88" classname="com.carmen.Sprint5.AddNewEventSectionUnitField_5679"/>
</testsuite> <!-- 5679 -->
