<?xml version="1.0" encoding="UTF-8"?>
<!-- Generated by org.testng.reporters.JUnitXMLReporter -->
<testsuite hostname="QTSITVDI0028" ignored="0" name="5690" tests="4" failures="0" timestamp="23 May 2019 10:49:01 GMT" time="152.067" errors="0">
  <testcase name="PartySearchScreenSearchSelectFunctionality_7143" time="35.217" classname="com.carmen.Sprint5.PartySearchScreenSearchSelectFunctionality_5690"/>
  <testcase name="PartySearchScreenSearchSelectFunctionality_7140" time="33.116" classname="com.carmen.Sprint5.PartySearchScreenSearchSelectFunctionality_5690"/>
  <testcase name="PartySearchScreenSearchSelectFunctionality_7137" time="29.498" classname="com.carmen.Sprint5.PartySearchScreenSearchSelectFunctionality_5690"/>
  <testcase name="PartySearchScreenSearchSelectFunctionality_7136" time="28.436" classname="com.carmen.Sprint5.PartySearchScreenSearchSelectFunctionality_5690"/>
</testsuite> <!-- 5690 -->
