<?xml version="1.0" encoding="UTF-8"?>
<!-- Generated by org.testng.reporters.JUnitXMLReporter -->
<testsuite hostname="QTSITVDI0028" ignored="0" name="5698" tests="3" failures="0" timestamp="23 May 2019 10:51:54 GMT" time="100.44" errors="0">
  <testcase name="PartySearchScreenUpdateSearchResultsHeader_7162" time="29.308" classname="com.carmen.Sprint5.PartySearchScreenUpdateSearchResultsHeader_5698"/>
  <testcase name="PartySearchScreenUpdateSearchResultsHeader_7167" time="34.76" classname="com.carmen.Sprint5.PartySearchScreenUpdateSearchResultsHeader_5698"/>
  <testcase name="PartySearchScreenUpdateSearchResultsHeader_7164" time="17.067" classname="com.carmen.Sprint5.PartySearchScreenUpdateSearchResultsHeader_5698"/>
</testsuite> <!-- 5698 -->
