<?xml version="1.0" encoding="UTF-8"?>
<!-- Generated by org.testng.reporters.JUnitXMLReporter -->
<testsuite hostname="QTSITVDI0028" ignored="0" name="5700" tests="2" failures="0" timestamp="23 May 2019 10:53:54 GMT" time="79.698" errors="0">
  <testcase name="UploadSchedulesPartiesUploadListButton_7306" time="31.404" classname="com.carmen.Sprint5.UploadSchedulesPartiesUploadListButton_5700"/>
  <testcase name="UploadSchedulesPartiesUploadListButton_7308" time="35.492" classname="com.carmen.Sprint5.UploadSchedulesPartiesUploadListButton_5700"/>
</testsuite> <!-- 5700 -->
