<?xml version="1.0" encoding="UTF-8"?>
<!-- Generated by org.testng.reporters.JUnitXMLReporter -->
<testsuite hostname="QTSITVDI0028" ignored="0" name="5703" tests="2" failures="0" timestamp="23 May 2019 10:55:55 GMT" time="78.713" errors="0">
  <testcase name="UploadSchedulesSpecialEventsUploadListButton_7311" time="30.793" classname="com.carmen.Sprint5.UploadSchedulesSpecialEventsUploadListButton_5703"/>
  <testcase name="UploadSchedulesSpecialEventsUploadListButton_7313" time="35.074" classname="com.carmen.Sprint5.UploadSchedulesSpecialEventsUploadListButton_5703"/>
</testsuite> <!-- 5703 -->
