<?xml version="1.0" encoding="UTF-8"?>
<!-- Generated by org.testng.reporters.JUnitXMLReporter -->
<testsuite hostname="QTSITVDI0028" ignored="0" name="5711" tests="2" failures="0" timestamp="23 May 2019 10:57:13 GMT" time="78.735" errors="0">
  <testcase name="SchedulesGlobalSaveSuspend_7248" time="36.234" classname="com.carmen.Sprint5.SchedulesGlobalSaveSuspend_5711"/>
  <testcase name="SchedulesGlobalSaveSuspend_7246" time="29.655" classname="com.carmen.Sprint5.SchedulesGlobalSaveSuspend_5711"/>
</testsuite> <!-- 5711 -->
