<?xml version="1.0" encoding="UTF-8"?>
<!-- Generated by org.testng.reporters.JUnitXMLReporter -->
<testsuite hostname="QTSITVDI0028" ignored="0" name="6066" tests="2" failures="0" timestamp="23 May 2019 10:58:25 GMT" time="71.512" errors="0">
  <testcase name="AddSpecialEventsScreenFromField_7213" time="30.028" classname="com.carmen.Sprint5.AddSpecialEventsScreenFromField_6066"/>
  <testcase name="AddSpecialEventsScreenFromField_7210" time="28.657" classname="com.carmen.Sprint5.AddSpecialEventsScreenFromField_6066"/>
</testsuite> <!-- 6066 -->
