<?xml version="1.0" encoding="UTF-8"?>
<!-- Generated by org.testng.reporters.JUnitXMLReporter -->
<testsuite hostname="QTSITVDI0028" ignored="0" name="6070" tests="2" failures="0" timestamp="23 May 2019 11:00:10 GMT" time="70.274" errors="0">
  <testcase name="PartySearchScreenTaxIDFilterFEIN_SSNIdentifier_7199" time="29.623" classname="com.carmen.Sprint5.PartySearchScreenTaxIDFilterFEIN_SSNIdentifier_6070"/>
  <testcase name="PartySearchScreenTaxIDFilterFEIN_SSNIdentifier_7205" time="27.784" classname="com.carmen.Sprint5.PartySearchScreenTaxIDFilterFEIN_SSNIdentifier_6070"/>
</testsuite> <!-- 6070 -->
