<?xml version="1.0" encoding="UTF-8"?>
<!-- Generated by org.testng.reporters.JUnitXMLReporter -->
<testsuite hostname="QTSITVDI0028" ignored="0" name="6077" tests="2" failures="0" timestamp="23 May 2019 11:01:32 GMT" time="81.835" errors="0">
  <testcase name="AddPartiesScreenVerificationNamesforDuplicateTableEntries_7229" time="36.58" classname="com.carmen.Sprint5.AddPartiesScreenVerificationNamesforDuplicateTableEntries_6077"/>
  <testcase name="AddPartiesScreenVerificationNamesforDuplicateTableEntries_7228" time="32.224" classname="com.carmen.Sprint5.AddPartiesScreenVerificationNamesforDuplicateTableEntries_6077"/>
</testsuite> <!-- 6077 -->
