<?xml version="1.0" encoding="UTF-8"?>
<!-- Generated by org.testng.reporters.JUnitXMLReporter -->
<testsuite hostname="QTSITVDI0028" ignored="0" name="6078" tests="2" failures="0" timestamp="23 May 2019 11:03:10 GMT" time="97.321" errors="0">
  <testcase name="AddNewLocationAddressSectionVerificationNamesDuplicateTableEntries_7379" time="40.444" classname="com.carmen.Sprint5.AddNewLocationAddressSectionVerificationNamesDuplicateTableEntries_6078"/>
  <testcase name="AddNewLocationAddressSectionVerificationNamesDuplicateTableEntries_7383" time="43.429" classname="com.carmen.Sprint5.AddNewLocationAddressSectionVerificationNamesDuplicateTableEntries_6078"/>
</testsuite> <!-- 6078 -->
