<?xml version="1.0" encoding="UTF-8"?>
<!-- Generated by org.testng.reporters.JUnitXMLReporter -->
<testsuite hostname="QTSITVDI0028" ignored="0" name="6079" tests="2" failures="0" timestamp="23 May 2019 11:04:31 GMT" time="81.65" errors="0">
  <testcase name="AddNewEventSectionVerificationofNamesforDuplicateTableEntries_7391" time="32.279" classname="com.carmen.Sprint5.AddNewEventSectionVerificationofNamesforDuplicateTableEntries_6079"/>
  <testcase name="AddNewEventSectionVerificationofNamesforDuplicateTableEntries_7395" time="36.474" classname="com.carmen.Sprint5.AddNewEventSectionVerificationofNamesforDuplicateTableEntries_6079"/>
</testsuite> <!-- 6079 -->
