<?xml version="1.0" encoding="UTF-8"?>
<!-- Generated by org.testng.reporters.JUnitXMLReporter -->
<testsuite hostname="QTSITVDI0028" ignored="0" name="636" tests="3" failures="0" timestamp="23 May 2019 08:39:15 GMT" time="83.566" errors="0">
  <testcase name="PrimaryLimitsCarrierTableSection_2499" time="19.105" classname="com.carmen.Sprint2.PrimaryLimitsCarrierTableSection_636"/>
  <testcase name="PrimaryLimitsCarrierTableSection_2502" time="19.287" classname="com.carmen.Sprint2.PrimaryLimitsCarrierTableSection_636"/>
  <testcase name="PrimaryLimitsCarrierTableSection_2500" time="25.945" classname="com.carmen.Sprint2.PrimaryLimitsCarrierTableSection_636"/>
</testsuite> <!-- 636 -->
