<?xml version="1.0" encoding="UTF-8"?>
<!-- Generated by org.testng.reporters.JUnitXMLReporter -->
<testsuite hostname="QTSITVDI0028" ignored="0" name="641" tests="2" failures="0" timestamp="23 May 2019 09:32:52 GMT" time="70.761" errors="0">
  <testcase name="PolicyLimitsCarrierTableDeleteButton_2511" time="27.344" classname="com.carmen.Sprint2.PolicyLimitsCarrierTableDeleteButton_641"/>
  <testcase name="PolicyLimitsCarrierTableDeleteButton_2510" time="30.605" classname="com.carmen.Sprint2.PolicyLimitsCarrierTableDeleteButton_641"/>
</testsuite> <!-- 641 -->
