<?xml version="1.0" encoding="UTF-8"?>
<!-- Generated by org.testng.reporters.JUnitXMLReporter -->
<testsuite hostname="QTSITVDI0028" ignored="0" name="695" tests="3" failures="3" timestamp="23 May 2019 13:29:56 GMT" time="84.434" errors="0">
  <testcase name="CommissionOverrideRateField_4935" time="21.47" classname="com.carmen.Sprint2.CommissionOverrideRateField_695">
    <failure type="java.lang.Error" message="The following element is not clickable: [Proxy element for: DefaultElementLocator &amp;apos;By.cssSelector: button.custom-btn[type=&amp;apos;button&amp;apos;]&amp;apos;]">
      <![CDATA[java.lang.Error: The following element is not clickable: [Proxy element for: DefaultElementLocator 'By.cssSelector: button.custom-btn[type='button']']
at com.carmensol.utilities.utility1.click(utility1.java:541)
at com.carmensol.pages.LeftHandMenu.ClickCreate(LeftHandMenu.java:77)
at com.carmen.Sprint2.CommissionOverrideRateField_695.CommissionOverrideRateField_4935(CommissionOverrideRateField_695.java:72)
... Removed 25 stack frames]]>
    </failure>
  </testcase> <!-- CommissionOverrideRateField_4935 -->
  <testcase name="CommissionOverrideRateField_4936" time="21.384" classname="com.carmen.Sprint2.CommissionOverrideRateField_695">
    <failure type="java.lang.Error" message="The following element is not clickable: [Proxy element for: DefaultElementLocator &amp;apos;By.cssSelector: button.custom-btn[type=&amp;apos;button&amp;apos;]&amp;apos;]">
      <![CDATA[java.lang.Error: The following element is not clickable: [Proxy element for: DefaultElementLocator 'By.cssSelector: button.custom-btn[type='button']']
at com.carmensol.utilities.utility1.click(utility1.java:541)
at com.carmensol.pages.LeftHandMenu.ClickCreate(LeftHandMenu.java:77)
at com.carmen.Sprint2.CommissionOverrideRateField_695.CommissionOverrideRateField_4936(CommissionOverrideRateField_695.java:268)
... Removed 25 stack frames]]>
    </failure>
  </testcase> <!-- CommissionOverrideRateField_4936 -->
  <testcase name="CommissionOverrideRateField_4932" time="22.757" classname="com.carmen.Sprint2.CommissionOverrideRateField_695">
    <failure type="java.lang.Error" message="The following element is not clickable: [Proxy element for: DefaultElementLocator &amp;apos;By.cssSelector: button.custom-btn[type=&amp;apos;button&amp;apos;]&amp;apos;]">
      <![CDATA[java.lang.Error: The following element is not clickable: [Proxy element for: DefaultElementLocator 'By.cssSelector: button.custom-btn[type='button']']
at com.carmensol.utilities.utility1.click(utility1.java:541)
at com.carmensol.pages.LeftHandMenu.ClickCreate(LeftHandMenu.java:77)
at com.carmen.Sprint2.CommissionOverrideRateField_695.CommissionOverrideRateField_4932(CommissionOverrideRateField_695.java:561)
... Removed 25 stack frames]]>
    </failure>
  </testcase> <!-- CommissionOverrideRateField_4932 -->
</testsuite> <!-- 695 -->
