<?xml version="1.0" encoding="UTF-8"?>
<!-- Generated by org.testng.reporters.JUnitXMLReporter -->
<testsuite hostname="QTSITVDI0028" ignored="0" name="9" tests="7" failures="0" timestamp="23 May 2019 08:11:43 GMT" time="135.557" errors="0">
  <testcase name="PolicyIDTermSubmission_608" time="6.28" classname="com.carmensol.PolicyIDTermSubmission_9"/>
  <testcase name="PolicyIDTermSubmission_602" time="7.147" classname="com.carmensol.PolicyIDTermSubmission_9"/>
  <testcase name="PolicyIDTermSubmission_604" time="8.624" classname="com.carmensol.PolicyIDTermSubmission_9"/>
  <testcase name="PolicyIDTermSubmission_610" time="7.001" classname="com.carmensol.PolicyIDTermSubmission_9"/>
  <testcase name="PolicyIDTermSubmission_613" time="11.697" classname="com.carmensol.PolicyIDTermSubmission_9"/>
  <testcase name="PolicyIDTermSubmission_653" time="37.045" classname="com.carmensol.PolicyIDTermSubmission_9"/>
  <testcase name="PolicyIDTermSubmission_614" time="13.467" classname="com.carmensol.PolicyIDTermSubmission_9"/>
</testsuite> <!-- 9 -->
