<?xml version="1.0" encoding="UTF-8"?>
<!-- Generated by org.testng.reporters.JUnitXMLReporter -->
<testsuite hostname="QTSITVDI0028" ignored="0" name="9516_9517" tests="2" failures="0" timestamp="15 Feb 2019 13:48:44 GMT" time="202.227" errors="0">
  <testcase name="AccessingTransactionHistoryOnUnitFinancialDetailScreen_9516" time="63.538" classname="com.carmen.voids.Accessing_Transaction_History_9516_9517"/>
  <testcase name="AccessingTransactionHistoryFromTheHistoryMenu_9517" time="124.299" classname="com.carmen.voids.Accessing_Transaction_History_9516_9517"/>
</testsuite> <!-- 9516_9517 -->
