<?xml version="1.0" encoding="UTF-8"?>
<!-- Generated by org.testng.reporters.JUnitXMLReporter -->
<testsuite hostname="QTSITVDI0028" ignored="0" name="CreateClaimsSaveAndCreateAnotherClaimButton" tests="1" failures="0" timestamp="15 Feb 2019 10:11:35 GMT" time="36.976" errors="0">
  <testcase name="CreateClaimSaveAnother_2658To2697_6_SubTestCases" time="29.266" classname="com.carmensol.CreateClaimsSaveAndCreateAnotherClaimButton"/>
</testsuite> <!-- CreateClaimsSaveAndCreateAnotherClaimButton -->
