<?xml version="1.0" encoding="UTF-8"?>
<!-- Generated by org.testng.reporters.JUnitXMLReporter -->
<testsuite hostname="QTSITVDI0028" ignored="0" name="Payment Scenarios" tests="3" failures="0" timestamp="15 Feb 2019 10:25:54 GMT" time="109.511" errors="0">
  <testcase name="LossPayment_8443to8458_4_SubTestCases" time="21.338" classname="com.carmensol.ClaimPaymentsScenarios"/>
  <testcase name="DCCPayment_8478to8484_3_SubTestCases" time="53.423" classname="com.carmensol.ClaimPaymentsScenarios"/>
  <testcase name="AOPayment_8488to8498_3_SubTestCases" time="11.563" classname="com.carmensol.ClaimPaymentsScenarios"/>
</testsuite> <!-- Payment Scenarios -->
