<?xml version="1.0" encoding="UTF-8"?>
<!-- Generated by org.testng.reporters.JUnitXMLReporter -->
<testsuite hostname="QTSITVDI0028" ignored="0" name="PaymentScenario" tests="4" failures="0" timestamp="03 Jan 2019 14:34:46 GMT" time="231.666" errors="0">
  <testcase name="LossPayment_8443to84581" time="0.008" classname="com.carmensol.ClaimPaymentsScenarios"/>
  <testcase name="DCCPayment_8478to8484" time="57.725" classname="com.carmensol.ClaimPaymentsScenarios"/>
  <testcase name="LossPayment_8443to8458" time="71.083" classname="com.carmensol.ClaimPaymentsScenarios"/>
  <testcase name="AOPayment_8488to8498" time="57.103" classname="com.carmensol.ClaimPaymentsScenarios"/>
</testsuite> <!-- PaymentScenario -->
