<?xml version="1.0" encoding="UTF-8"?>
<!-- Generated by org.testng.reporters.JUnitXMLReporter -->
<testsuite hostname="QTSITVDI0028" ignored="0" name="Payment verification from Database" tests="2" failures="0" timestamp="15 Feb 2019 10:27:47 GMT" time="112.406" errors="0">
  <testcase name="LossPayment_8443to8458_4_SubTestCases" time="40.019" classname="com.carmensol.ReserveAndPayment_Verification_FromDatabase"/>
  <testcase name="DCCPayment_8478to8484_3_SubTestCases" time="16.266" classname="com.carmensol.ReserveAndPayment_Verification_FromDatabase"/>
</testsuite> <!-- Payment verification from Database -->
